{"/home/ubuntu/roomflow/backend/src/app.controller.ts": {"path":"/home/ubuntu/roomflow/backend/src/app.controller.ts","statementMap":{"0":{"start":{"line":1,"column":0},"end":{"line":1,"column":49}},"1":{"start":{"line":2,"column":0},"end":{"line":2,"column":43}},"2":{"start":{"line":5,"column":7},"end":{"line":12,"column":null}},"3":{"start":{"line":6,"column":31},"end":{"line":6,"column":43}},"4":{"start":{"line":10,"column":4},"end":{"line":10,"column":38}},"5":{"start":{"line":5,"column":13},"end":{"line":5,"column":26}},"6":{"start":{"line":9,"column":2},"end":{"line":11,"column":null}},"7":{"start":{"line":5,"column":13},"end":{"line":12,"column":null}}},"fnMap":{"0":{"name":"(anonymous_2)","decl":{"start":{"line":6,"column":2},"end":{"line":6,"column":31}},"loc":{"start":{"line":6,"column":53},"end":{"line":6,"column":57}}},"1":{"name":"(anonymous_3)","decl":{"start":{"line":9,"column":2},"end":{"line":9,"column":10}},"loc":{"start":{"line":9,"column":10},"end":{"line":11,"column":3}}}},"branchMap":{"0":{"loc":{"start":{"line":6,"column":43},"end":{"line":6,"column":56}},"type":"cond-expr","locations":[{"start":{"line":6,"column":53},"end":{"line":6,"column":56}},{"start":{"line":6,"column":53},"end":{"line":6,"column":56}}]},"1":{"loc":{"start":{"line":6,"column":43},"end":{"line":6,"column":53}},"type":"binary-expr","locations":[{"start":{"line":6,"column":43},"end":{"line":6,"column":56}},{"start":{"line":6,"column":43},"end":{"line":6,"column":53}}]}},"s":{"0":1,"1":1,"2":1,"3":1,"4":1,"5":1,"6":1,"7":1},"f":{"0":1,"1":1},"b":{"0":[1,0],"1":[1,1]}}
,"/home/ubuntu/roomflow/backend/src/app.module.ts": {"path":"/home/ubuntu/roomflow/backend/src/app.module.ts","statementMap":{"0":{"start":{"line":1,"column":0},"end":{"line":1,"column":40}},"1":{"start":{"line":2,"column":0},"end":{"line":2,"column":49}},"2":{"start":{"line":3,"column":0},"end":{"line":3,"column":43}},"3":{"start":{"line":4,"column":0},"end":{"line":4,"column":54}},"4":{"start":{"line":5,"column":0},"end":{"line":5,"column":48}},"5":{"start":{"line":6,"column":0},"end":{"line":6,"column":51}},"6":{"start":{"line":7,"column":0},"end":{"line":7,"column":63}},"7":{"start":{"line":8,"column":0},"end":{"line":8,"column":51}},"8":{"start":{"line":9,"column":0},"end":{"line":9,"column":60}},"9":{"start":{"line":10,"column":0},"end":{"line":10,"column":103}},"10":{"start":{"line":11,"column":0},"end":{"line":11,"column":57}},"11":{"start":{"line":12,"column":0},"end":{"line":12,"column":46}},"12":{"start":{"line":13,"column":0},"end":{"line":13,"column":41}},"13":{"start":{"line":14,"column":0},"end":{"line":14,"column":62}},"14":{"start":{"line":15,"column":0},"end":{"line":15,"column":57}},"15":{"start":{"line":16,"column":0},"end":{"line":16,"column":51}},"16":{"start":{"line":17,"column":0},"end":{"line":17,"column":57}},"17":{"start":{"line":18,"column":0},"end":{"line":18,"column":60}},"18":{"start":{"line":19,"column":0},"end":{"line":19,"column":48}},"19":{"start":{"line":20,"column":0},"end":{"line":20,"column":75}},"20":{"start":{"line":21,"column":0},"end":{"line":21,"column":63}},"21":{"start":{"line":54,"column":7},"end":{"line":54,"column":null}},"22":{"start":{"line":54,"column":13},"end":{"line":54,"column":22}},"23":{"start":{"line":54,"column":13},"end":{"line":54,"column":null}}},"fnMap":{},"branchMap":{},"s":{"0":0,"1":0,"2":0,"3":0,"4":0,"5":0,"6":0,"7":0,"8":0,"9":0,"10":0,"11":0,"12":0,"13":0,"14":0,"15":0,"16":0,"17":0,"18":0,"19":0,"20":0,"21":0,"22":0,"23":0},"f":{},"b":{}}
,"/home/ubuntu/roomflow/backend/src/app.service.ts": {"path":"/home/ubuntu/roomflow/backend/src/app.service.ts","statementMap":{"0":{"start":{"line":1,"column":0},"end":{"line":1,"column":44}},"1":{"start":{"line":4,"column":7},"end":{"line":8,"column":null}},"2":{"start":{"line":6,"column":4},"end":{"line":6,"column":26}},"3":{"start":{"line":4,"column":13},"end":{"line":4,"column":23}},"4":{"start":{"line":4,"column":13},"end":{"line":8,"column":null}}},"fnMap":{"0":{"name":"(anonymous_1)","decl":{"start":{"line":5,"column":2},"end":{"line":5,"column":10}},"loc":{"start":{"line":5,"column":10},"end":{"line":7,"column":3}}}},"branchMap":{},"s":{"0":2,"1":2,"2":2,"3":2,"4":2},"f":{"0":2},"b":{}}
,"/home/ubuntu/roomflow/backend/src/main.ts": {"path":"/home/ubuntu/roomflow/backend/src/main.ts","statementMap":{"0":{"start":{"line":1,"column":0},"end":{"line":1,"column":43}},"1":{"start":{"line":2,"column":0},"end":{"line":2,"column":41}},"2":{"start":{"line":3,"column":0},"end":{"line":3,"column":48}},"3":{"start":{"line":4,"column":0},"end":{"line":4,"column":35}},"4":{"start":{"line":5,"column":0},"end":{"line":5,"column":28}},"5":{"start":{"line":6,"column":0},"end":{"line":6,"column":55}},"6":{"start":{"line":9,"column":14},"end":{"line":9,"column":49}},"7":{"start":{"line":11,"column":2},"end":{"line":11,"column":29}},"8":{"start":{"line":13,"column":2},"end":{"line":19,"column":4}},"9":{"start":{"line":21,"column":2},"end":{"line":21,"column":19}},"10":{"start":{"line":24,"column":2},"end":{"line":24,"column":72}},"11":{"start":{"line":27,"column":2},"end":{"line":27,"column":46}},"12":{"start":{"line":29,"column":15},"end":{"line":29,"column":39}},"13":{"start":{"line":30,"column":2},"end":{"line":30,"column":25}},"14":{"start":{"line":31,"column":2},"end":{"line":31,"column":73}},"15":{"start":{"line":33,"column":0},"end":{"line":33,"column":12}}},"fnMap":{"0":{"name":"bootstrap","decl":{"start":{"line":8,"column":15},"end":{"line":8,"column":24}},"loc":{"start":{"line":8,"column":24},"end":{"line":32,"column":1}}}},"branchMap":{"0":{"loc":{"start":{"line":29,"column":15},"end":{"line":29,"column":39}},"type":"binary-expr","locations":[{"start":{"line":29,"column":15},"end":{"line":29,"column":31}},{"start":{"line":29,"column":35},"end":{"line":29,"column":39}}]}},"s":{"0":0,"1":0,"2":0,"3":0,"4":0,"5":0,"6":0,"7":0,"8":0,"9":0,"10":0,"11":0,"12":0,"13":0,"14":0,"15":0},"f":{"0":0},"b":{"0":[0,0]}}
,"/home/ubuntu/roomflow/backend/src/auth/auth.controller.ts": {"path":"/home/ubuntu/roomflow/backend/src/auth/auth.controller.ts","statementMap":{"0":{"start":{"line":1,"column":0},"end":{"line":1,"column":78}},"1":{"start":{"line":2,"column":0},"end":{"line":2,"column":45}},"2":{"start":{"line":3,"column":0},"end":{"line":3,"column":43}},"3":{"start":{"line":4,"column":0},"end":{"line":4,"column":49}},"4":{"start":{"line":5,"column":0},"end":{"line":5,"column":63}},"5":{"start":{"line":8,"column":7},"end":{"line":23,"column":null}},"6":{"start":{"line":9,"column":22},"end":{"line":9,"column":35}},"7":{"start":{"line":15,"column":4},"end":{"line":15,"column":44}},"8":{"start":{"line":21,"column":4},"end":{"line":21,"column":50}},"9":{"start":{"line":8,"column":13},"end":{"line":8,"column":27}},"10":{"start":{"line":14,"column":2},"end":{"line":16,"column":null}},"11":{"start":{"line":20,"column":2},"end":{"line":22,"column":null}},"12":{"start":{"line":8,"column":13},"end":{"line":23,"column":null}}},"fnMap":{"0":{"name":"(anonymous_4)","decl":{"start":{"line":9,"column":2},"end":{"line":9,"column":22}},"loc":{"start":{"line":9,"column":46},"end":{"line":9,"column":50}}},"1":{"name":"(anonymous_5)","decl":{"start":{"line":14,"column":2},"end":{"line":14,"column":7}},"loc":{"start":{"line":14,"column":34},"end":{"line":16,"column":3}}},"2":{"name":"(anonymous_6)","decl":{"start":{"line":20,"column":2},"end":{"line":20,"column":10}},"loc":{"start":{"line":20,"column":43},"end":{"line":22,"column":3}}}},"branchMap":{"0":{"loc":{"start":{"line":14,"column":26},"end":{"line":14,"column":null}},"type":"cond-expr","locations":[{"start":{"line":14,"column":34},"end":{"line":14,"column":null}},{"start":{"line":14,"column":34},"end":{"line":14,"column":null}}]},"1":{"loc":{"start":{"line":14,"column":26},"end":{"line":14,"column":34}},"type":"binary-expr","locations":[{"start":{"line":14,"column":26},"end":{"line":14,"column":null}},{"start":{"line":14,"column":26},"end":{"line":14,"column":34}}]},"2":{"loc":{"start":{"line":20,"column":32},"end":{"line":20,"column":null}},"type":"cond-expr","locations":[{"start":{"line":20,"column":43},"end":{"line":20,"column":null}},{"start":{"line":20,"column":43},"end":{"line":20,"column":null}}]},"3":{"loc":{"start":{"line":20,"column":32},"end":{"line":20,"column":43}},"type":"binary-expr","locations":[{"start":{"line":20,"column":32},"end":{"line":20,"column":null}},{"start":{"line":20,"column":32},"end":{"line":20,"column":43}}]},"4":{"loc":{"start":{"line":9,"column":35},"end":{"line":9,"column":49}},"type":"cond-expr","locations":[{"start":{"line":9,"column":46},"end":{"line":9,"column":49}},{"start":{"line":9,"column":46},"end":{"line":9,"column":49}}]},"5":{"loc":{"start":{"line":9,"column":35},"end":{"line":9,"column":46}},"type":"binary-expr","locations":[{"start":{"line":9,"column":35},"end":{"line":9,"column":49}},{"start":{"line":9,"column":35},"end":{"line":9,"column":46}}]}},"s":{"0":0,"1":0,"2":0,"3":0,"4":0,"5":0,"6":0,"7":0,"8":0,"9":0,"10":0,"11":0,"12":0},"f":{"0":0,"1":0,"2":0},"b":{"0":[0,0],"1":[0,0],"2":[0,0],"3":[0,0],"4":[0,0],"5":[0,0]}}
,"/home/ubuntu/roomflow/backend/src/auth/auth.module.ts": {"path":"/home/ubuntu/roomflow/backend/src/auth/auth.module.ts","statementMap":{"0":{"start":{"line":1,"column":0},"end":{"line":1,"column":40}},"1":{"start":{"line":2,"column":0},"end":{"line":2,"column":45}},"2":{"start":{"line":3,"column":0},"end":{"line":3,"column":51}},"3":{"start":{"line":4,"column":0},"end":{"line":4,"column":40}},"4":{"start":{"line":5,"column":0},"end":{"line":5,"column":50}},"5":{"start":{"line":6,"column":0},"end":{"line":6,"column":61}},"6":{"start":{"line":7,"column":0},"end":{"line":7,"column":56}},"7":{"start":{"line":8,"column":0},"end":{"line":8,"column":55}},"8":{"start":{"line":27,"column":7},"end":{"line":27,"column":null}},"9":{"start":{"line":27,"column":13},"end":{"line":27,"column":23}},"10":{"start":{"line":27,"column":13},"end":{"line":27,"column":null}},"11":{"start":{"line":17,"column":59},"end":{"line":20,"column":8}}},"fnMap":{"0":{"name":"(anonymous_1)","decl":{"start":{"line":17,"column":18},"end":{"line":17,"column":23}},"loc":{"start":{"line":17,"column":59},"end":{"line":20,"column":8}}}},"branchMap":{},"s":{"0":0,"1":0,"2":0,"3":0,"4":0,"5":0,"6":0,"7":0,"8":0,"9":0,"10":0,"11":0},"f":{"0":0},"b":{}}
,"/home/ubuntu/roomflow/backend/src/auth/auth.service.ts": {"path":"/home/ubuntu/roomflow/backend/src/auth/auth.service.ts","statementMap":{"0":{"start":{"line":1,"column":0},"end":{"line":1,"column":86}},"1":{"start":{"line":2,"column":0},"end":{"line":2,"column":41}},"2":{"start":{"line":3,"column":0},"end":{"line":3,"column":57}},"3":{"start":{"line":6,"column":0},"end":{"line":6,"column":33}},"4":{"start":{"line":7,"column":0},"end":{"line":7,"column":38}},"5":{"start":{"line":10,"column":7},"end":{"line":68,"column":null}},"6":{"start":{"line":12,"column":12},"end":{"line":12,"column":20}},"7":{"start":{"line":13,"column":12},"end":{"line":13,"column":24}},"8":{"start":{"line":17,"column":17},"end":{"line":19,"column":6}},"9":{"start":{"line":21,"column":4},"end":{"line":23,"column":5}},"10":{"start":{"line":22,"column":6},"end":{"line":22,"column":61}},"11":{"start":{"line":25,"column":20},"end":{"line":25,"column":72}},"12":{"start":{"line":26,"column":4},"end":{"line":34,"column":6}},"13":{"start":{"line":38,"column":25},"end":{"line":40,"column":6}},"14":{"start":{"line":42,"column":4},"end":{"line":44,"column":5}},"15":{"start":{"line":43,"column":6},"end":{"line":43,"column":58}},"16":{"start":{"line":46,"column":27},"end":{"line":46,"column":70}},"17":{"start":{"line":48,"column":17},"end":{"line":55,"column":6}},"18":{"start":{"line":57,"column":20},"end":{"line":57,"column":72}},"19":{"start":{"line":58,"column":4},"end":{"line":66,"column":6}},"20":{"start":{"line":10,"column":13},"end":{"line":10,"column":24}},"21":{"start":{"line":10,"column":13},"end":{"line":68,"column":null}}},"fnMap":{"0":{"name":"(anonymous_11)","decl":{"start":{"line":11,"column":2},"end":{"line":11,"column":null}},"loc":{"start":{"line":13,"column":34},"end":{"line":14,"column":6}}},"1":{"name":"(anonymous_12)","decl":{"start":{"line":16,"column":2},"end":{"line":16,"column":7}},"loc":{"start":{"line":16,"column":32},"end":{"line":35,"column":3}}},"2":{"name":"(anonymous_13)","decl":{"start":{"line":37,"column":2},"end":{"line":37,"column":7}},"loc":{"start":{"line":37,"column":41},"end":{"line":67,"column":3}}}},"branchMap":{"0":{"loc":{"start":{"line":21,"column":4},"end":{"line":23,"column":5}},"type":"if","locations":[{"start":{"line":21,"column":4},"end":{"line":23,"column":5}},{"start":{},"end":{}}]},"1":{"loc":{"start":{"line":21,"column":8},"end":{"line":21,"column":78}},"type":"binary-expr","locations":[{"start":{"line":21,"column":8},"end":{"line":21,"column":13}},{"start":{"line":21,"column":17},"end":{"line":21,"column":78}}]},"2":{"loc":{"start":{"line":42,"column":4},"end":{"line":44,"column":5}},"type":"if","locations":[{"start":{"line":42,"column":4},"end":{"line":44,"column":5}},{"start":{},"end":{}}]},"3":{"loc":{"start":{"line":53,"column":14},"end":{"line":53,"column":63}},"type":"cond-expr","locations":[{"start":{"line":53,"column":33},"end":{"line":53,"column":49}},{"start":{"line":53,"column":52},"end":{"line":53,"column":63}}]},"4":{"loc":{"start":{"line":12,"column":20},"end":{"line":12,"column":null}},"type":"cond-expr","locations":[{"start":{"line":12,"column":33},"end":{"line":12,"column":null}},{"start":{"line":12,"column":33},"end":{"line":12,"column":null}}]},"5":{"loc":{"start":{"line":12,"column":20},"end":{"line":12,"column":33}},"type":"binary-expr","locations":[{"start":{"line":12,"column":20},"end":{"line":12,"column":null}},{"start":{"line":12,"column":20},"end":{"line":12,"column":33}}]},"6":{"loc":{"start":{"line":12,"column":33},"end":{"line":13,"column":null}},"type":"cond-expr","locations":[{"start":{"line":13,"column":34},"end":{"line":13,"column":null}},{"start":{"line":13,"column":34},"end":{"line":13,"column":null}}]},"7":{"loc":{"start":{"line":12,"column":33},"end":{"line":13,"column":34}},"type":"binary-expr","locations":[{"start":{"line":12,"column":33},"end":{"line":13,"column":null}},{"start":{"line":13,"column":24},"end":{"line":13,"column":34}}]}},"s":{"0":1,"1":1,"2":1,"3":1,"4":1,"5":1,"6":6,"7":6,"8":3,"9":3,"10":2,"11":1,"12":1,"13":2,"14":2,"15":1,"16":1,"17":1,"18":1,"19":1,"20":1,"21":1},"f":{"0":6,"1":3,"2":2},"b":{"0":[2,1],"1":[3,2],"2":[1,1],"3":[0,1],"4":[1,0],"5":[1,1],"6":[1,0],"7":[1,1]}}
,"/home/ubuntu/roomflow/backend/src/auth/dto/login.dto.ts": {"path":"/home/ubuntu/roomflow/backend/src/auth/dto/login.dto.ts","statementMap":{"0":{"start":{"line":1,"column":0},"end":{"line":1,"column":65}},"1":{"start":{"line":3,"column":0},"end":{"line":3,"column":13}},"2":{"start":{"line":5,"column":2},"end":{"line":5,"column":null}},"3":{"start":{"line":9,"column":2},"end":{"line":9,"column":null}}},"fnMap":{},"branchMap":{},"s":{"0":0,"1":0,"2":0,"3":0},"f":{},"b":{}}
,"/home/ubuntu/roomflow/backend/src/auth/dto/register.dto.ts": {"path":"/home/ubuntu/roomflow/backend/src/auth/dto/register.dto.ts","statementMap":{"0":{"start":{"line":1,"column":0},"end":{"line":1,"column":95}},"1":{"start":{"line":2,"column":0},"end":{"line":2,"column":38}},"2":{"start":{"line":4,"column":0},"end":{"line":4,"column":13}},"3":{"start":{"line":7,"column":2},"end":{"line":7,"column":null}},"4":{"start":{"line":10,"column":2},"end":{"line":10,"column":null}},"5":{"start":{"line":14,"column":2},"end":{"line":14,"column":null}},"6":{"start":{"line":18,"column":2},"end":{"line":18,"column":null}}},"fnMap":{},"branchMap":{"0":{"loc":{"start":{"line":18,"column":9},"end":{"line":18,"column":14}},"type":"cond-expr","locations":[{"start":{"line":18,"column":13},"end":{"line":18,"column":14}},{"start":{"line":18,"column":13},"end":{"line":18,"column":14}}]},"1":{"loc":{"start":{"line":18,"column":9},"end":{"line":18,"column":13}},"type":"binary-expr","locations":[{"start":{"line":18,"column":9},"end":{"line":18,"column":14}},{"start":{"line":18,"column":9},"end":{"line":18,"column":13}}]}},"s":{"0":0,"1":0,"2":0,"3":0,"4":0,"5":0,"6":0},"f":{},"b":{"0":[0,0],"1":[0,0]}}
,"/home/ubuntu/roomflow/backend/src/auth/strategies/jwt.strategy.ts": {"path":"/home/ubuntu/roomflow/backend/src/auth/strategies/jwt.strategy.ts","statementMap":{"0":{"start":{"line":1,"column":0},"end":{"line":1,"column":44}},"1":{"start":{"line":2,"column":0},"end":{"line":2,"column":52}},"2":{"start":{"line":3,"column":0},"end":{"line":3,"column":52}},"3":{"start":{"line":4,"column":0},"end":{"line":4,"column":47}},"4":{"start":{"line":7,"column":7},"end":{"line":19,"column":null}},"5":{"start":{"line":9,"column":4},"end":{"line":13,"column":7}},"6":{"start":{"line":17,"column":4},"end":{"line":17,"column":77}},"7":{"start":{"line":7,"column":13},"end":{"line":7,"column":24}},"8":{"start":{"line":7,"column":13},"end":{"line":19,"column":null}}},"fnMap":{"0":{"name":"(anonymous_2)","decl":{"start":{"line":8,"column":2},"end":{"line":8,"column":14}},"loc":{"start":{"line":8,"column":42},"end":{"line":14,"column":3}}},"1":{"name":"(anonymous_3)","decl":{"start":{"line":16,"column":2},"end":{"line":16,"column":7}},"loc":{"start":{"line":16,"column":29},"end":{"line":18,"column":3}}}},"branchMap":{"0":{"loc":{"start":{"line":12,"column":19},"end":{"line":12,"column":82}},"type":"binary-expr","locations":[{"start":{"line":12,"column":19},"end":{"line":12,"column":58}},{"start":{"line":12,"column":62},"end":{"line":12,"column":82}}]},"1":{"loc":{"start":{"line":8,"column":29},"end":{"line":8,"column":null}},"type":"cond-expr","locations":[{"start":{"line":8,"column":42},"end":{"line":8,"column":null}},{"start":{"line":8,"column":42},"end":{"line":8,"column":null}}]},"2":{"loc":{"start":{"line":8,"column":29},"end":{"line":8,"column":42}},"type":"binary-expr","locations":[{"start":{"line":8,"column":29},"end":{"line":8,"column":null}},{"start":{"line":8,"column":29},"end":{"line":8,"column":42}}]}},"s":{"0":0,"1":0,"2":0,"3":0,"4":0,"5":0,"6":0,"7":0,"8":0},"f":{"0":0,"1":0},"b":{"0":[0,0],"1":[0,0],"2":[0,0]}}
,"/home/ubuntu/roomflow/backend/src/booking-change-requests/booking-change-requests.controller.ts": {"path":"/home/ubuntu/roomflow/backend/src/booking-change-requests/booking-change-requests.controller.ts","statementMap":{"0":{"start":{"line":1,"column":0},"end":{"line":1,"column":null}},"1":{"start":{"line":9,"column":0},"end":{"line":9,"column":81}},"2":{"start":{"line":10,"column":0},"end":{"line":10,"column":73}},"3":{"start":{"line":11,"column":0},"end":{"line":11,"column":74}},"4":{"start":{"line":12,"column":0},"end":{"line":12,"column":61}},"5":{"start":{"line":13,"column":0},"end":{"line":13,"column":38}},"6":{"start":{"line":16,"column":7},"end":{"line":46,"column":null}},"7":{"start":{"line":17,"column":31},"end":{"line":17,"column":40}},"8":{"start":{"line":24,"column":4},"end":{"line":24,"column":44}},"9":{"start":{"line":32,"column":4},"end":{"line":32,"column":46}},"10":{"start":{"line":38,"column":4},"end":{"line":38,"column":36}},"11":{"start":{"line":44,"column":4},"end":{"line":44,"column":35}},"12":{"start":{"line":16,"column":13},"end":{"line":16,"column":44}},"13":{"start":{"line":20,"column":2},"end":{"line":25,"column":null}},"14":{"start":{"line":28,"column":2},"end":{"line":33,"column":null}},"15":{"start":{"line":37,"column":2},"end":{"line":39,"column":null}},"16":{"start":{"line":43,"column":2},"end":{"line":45,"column":null}},"17":{"start":{"line":16,"column":13},"end":{"line":46,"column":null}}},"fnMap":{"0":{"name":"(anonymous_4)","decl":{"start":{"line":17,"column":2},"end":{"line":17,"column":31}},"loc":{"start":{"line":17,"column":68},"end":{"line":17,"column":72}}},"1":{"name":"(anonymous_5)","decl":{"start":{"line":20,"column":2},"end":{"line":20,"column":8}},"loc":{"start":{"line":22,"column":39},"end":{"line":25,"column":3}}},"2":{"name":"(anonymous_6)","decl":{"start":{"line":28,"column":2},"end":{"line":28,"column":9}},"loc":{"start":{"line":30,"column":41},"end":{"line":33,"column":3}}},"3":{"name":"(anonymous_7)","decl":{"start":{"line":37,"column":2},"end":{"line":37,"column":9}},"loc":{"start":{"line":37,"column":33},"end":{"line":39,"column":3}}},"4":{"name":"(anonymous_8)","decl":{"start":{"line":43,"column":2},"end":{"line":43,"column":8}},"loc":{"start":{"line":43,"column":32},"end":{"line":45,"column":3}}}},"branchMap":{"0":{"loc":{"start":{"line":22,"column":17},"end":{"line":22,"column":null}},"type":"cond-expr","locations":[{"start":{"line":22,"column":39},"end":{"line":22,"column":null}},{"start":{"line":22,"column":39},"end":{"line":22,"column":null}}]},"1":{"loc":{"start":{"line":22,"column":17},"end":{"line":22,"column":39}},"type":"binary-expr","locations":[{"start":{"line":22,"column":17},"end":{"line":22,"column":null}},{"start":{"line":22,"column":17},"end":{"line":22,"column":39}}]},"2":{"loc":{"start":{"line":29,"column":31},"end":{"line":29,"column":null}},"type":"cond-expr","locations":[{"start":{"line":29,"column":35},"end":{"line":29,"column":null}},{"start":{"line":29,"column":35},"end":{"line":29,"column":null}}]},"3":{"loc":{"start":{"line":29,"column":31},"end":{"line":29,"column":35}},"type":"binary-expr","locations":[{"start":{"line":29,"column":31},"end":{"line":29,"column":null}},{"start":{"line":29,"column":31},"end":{"line":29,"column":35}}]},"4":{"loc":{"start":{"line":17,"column":40},"end":{"line":17,"column":71}},"type":"cond-expr","locations":[{"start":{"line":17,"column":68},"end":{"line":17,"column":71}},{"start":{"line":17,"column":68},"end":{"line":17,"column":71}}]},"5":{"loc":{"start":{"line":17,"column":40},"end":{"line":17,"column":68}},"type":"binary-expr","locations":[{"start":{"line":17,"column":40},"end":{"line":17,"column":71}},{"start":{"line":17,"column":40},"end":{"line":17,"column":68}}]}},"s":{"0":0,"1":0,"2":0,"3":0,"4":0,"5":0,"6":0,"7":0,"8":0,"9":0,"10":0,"11":0,"12":0,"13":0,"14":0,"15":0,"16":0,"17":0},"f":{"0":0,"1":0,"2":0,"3":0,"4":0},"b":{"0":[0,0],"1":[0,0],"2":[0,0],"3":[0,0],"4":[0,0],"5":[0,0]}}
,"/home/ubuntu/roomflow/backend/src/booking-change-requests/booking-change-requests.module.ts": {"path":"/home/ubuntu/roomflow/backend/src/booking-change-requests/booking-change-requests.module.ts","statementMap":{"0":{"start":{"line":1,"column":0},"end":{"line":1,"column":40}},"1":{"start":{"line":2,"column":0},"end":{"line":2,"column":81}},"2":{"start":{"line":3,"column":0},"end":{"line":3,"column":87}},"3":{"start":{"line":4,"column":0},"end":{"line":4,"column":61}},"4":{"start":{"line":5,"column":0},"end":{"line":5,"column":52}},"5":{"start":{"line":6,"column":0},"end":{"line":6,"column":76}},"6":{"start":{"line":14,"column":7},"end":{"line":14,"column":null}},"7":{"start":{"line":14,"column":13},"end":{"line":14,"column":40}},"8":{"start":{"line":14,"column":13},"end":{"line":14,"column":null}}},"fnMap":{},"branchMap":{},"s":{"0":0,"1":0,"2":0,"3":0,"4":0,"5":0,"6":0,"7":0,"8":0},"f":{},"b":{}}
,"/home/ubuntu/roomflow/backend/src/booking-change-requests/booking-change-requests.service.ts": {"path":"/home/ubuntu/roomflow/backend/src/booking-change-requests/booking-change-requests.service.ts","statementMap":{"0":{"start":{"line":1,"column":0},"end":{"line":1,"column":104}},"1":{"start":{"line":2,"column":0},"end":{"line":2,"column":57}},"2":{"start":{"line":3,"column":0},"end":{"line":3,"column":63}},"3":{"start":{"line":4,"column":0},"end":{"line":4,"column":54}},"4":{"start":{"line":5,"column":0},"end":{"line":5,"column":78}},"5":{"start":{"line":7,"column":0},"end":{"line":7,"column":77}},"6":{"start":{"line":10,"column":7},"end":{"line":190,"column":null}},"7":{"start":{"line":12,"column":12},"end":{"line":12,"column":20}},"8":{"start":{"line":13,"column":12},"end":{"line":13,"column":29}},"9":{"start":{"line":14,"column":12},"end":{"line":14,"column":26}},"10":{"start":{"line":15,"column":12},"end":{"line":15,"column":34}},"11":{"start":{"line":19,"column":20},"end":{"line":22,"column":6}},"12":{"start":{"line":23,"column":4},"end":{"line":23,"column":67}},"13":{"start":{"line":23,"column":18},"end":{"line":23,"column":67}},"14":{"start":{"line":24,"column":4},"end":{"line":24,"column":84}},"15":{"start":{"line":24,"column":35},"end":{"line":24,"column":84}},"16":{"start":{"line":26,"column":20},"end":{"line":39,"column":6}},"17":{"start":{"line":42,"column":19},"end":{"line":44,"column":6}},"18":{"start":{"line":45,"column":4},"end":{"line":58,"column":5}},"19":{"start":{"line":46,"column":6},"end":{"line":51,"column":8}},"20":{"start":{"line":52,"column":6},"end":{"line":57,"column":8}},"21":{"start":{"line":60,"column":4},"end":{"line":60,"column":19}},"22":{"start":{"line":64,"column":4},"end":{"line":72,"column":5}},"23":{"start":{"line":65,"column":6},"end":{"line":71,"column":9}},"24":{"start":{"line":73,"column":4},"end":{"line":79,"column":7}},"25":{"start":{"line":83,"column":20},"end":{"line":88,"column":6}},"26":{"start":{"line":90,"column":4},"end":{"line":90,"column":67}},"27":{"start":{"line":90,"column":18},"end":{"line":90,"column":67}},"28":{"start":{"line":91,"column":4},"end":{"line":93,"column":5}},"29":{"start":{"line":92,"column":6},"end":{"line":92,"column":66}},"30":{"start":{"line":95,"column":22},"end":{"line":95,"column":71}},"31":{"start":{"line":96,"column":21},"end":{"line":96,"column":72}},"32":{"start":{"line":97,"column":19},"end":{"line":97,"column":66}},"33":{"start":{"line":99,"column":23},"end":{"line":99,"column":96}},"34":{"start":{"line":100,"column":27},"end":{"line":100,"column":38}},"35":{"start":{"line":102,"column":4},"end":{"line":113,"column":5}},"36":{"start":{"line":103,"column":26},"end":{"line":107,"column":null}},"37":{"start":{"line":110,"column":6},"end":{"line":112,"column":7}},"38":{"start":{"line":111,"column":8},"end":{"line":111,"column":91}},"39":{"start":{"line":116,"column":19},"end":{"line":139,"column":6}},"40":{"start":{"line":117,"column":6},"end":{"line":133,"column":7}},"41":{"start":{"line":119,"column":8},"end":{"line":122,"column":11}},"42":{"start":{"line":125,"column":8},"end":{"line":132,"column":11}},"43":{"start":{"line":135,"column":6},"end":{"line":138,"column":9}},"44":{"start":{"line":142,"column":4},"end":{"line":146,"column":6}},"45":{"start":{"line":147,"column":4},"end":{"line":152,"column":6}},"46":{"start":{"line":154,"column":4},"end":{"line":154,"column":18}},"47":{"start":{"line":158,"column":20},"end":{"line":163,"column":6}},"48":{"start":{"line":165,"column":4},"end":{"line":165,"column":67}},"49":{"start":{"line":165,"column":18},"end":{"line":165,"column":67}},"50":{"start":{"line":166,"column":4},"end":{"line":168,"column":5}},"51":{"start":{"line":167,"column":6},"end":{"line":167,"column":66}},"52":{"start":{"line":170,"column":19},"end":{"line":173,"column":6}},"53":{"start":{"line":176,"column":4},"end":{"line":180,"column":6}},"54":{"start":{"line":181,"column":4},"end":{"line":186,"column":6}},"55":{"start":{"line":188,"column":4},"end":{"line":188,"column":18}},"56":{"start":{"line":10,"column":13},"end":{"line":10,"column":41}},"57":{"start":{"line":10,"column":13},"end":{"line":190,"column":null}}},"fnMap":{"0":{"name":"(anonymous_2)","decl":{"start":{"line":11,"column":2},"end":{"line":11,"column":null}},"loc":{"start":{"line":15,"column":54},"end":{"line":16,"column":6}}},"1":{"name":"(anonymous_3)","decl":{"start":{"line":18,"column":2},"end":{"line":18,"column":7}},"loc":{"start":{"line":18,"column":58},"end":{"line":61,"column":3}}},"2":{"name":"(anonymous_4)","decl":{"start":{"line":63,"column":2},"end":{"line":63,"column":7}},"loc":{"start":{"line":63,"column":42},"end":{"line":80,"column":3}}},"3":{"name":"(anonymous_5)","decl":{"start":{"line":82,"column":2},"end":{"line":82,"column":7}},"loc":{"start":{"line":82,"column":26},"end":{"line":155,"column":3}}},"4":{"name":"(anonymous_6)","decl":{"start":{"line":116,"column":50},"end":{"line":116,"column":55}},"loc":{"start":{"line":116,"column":63},"end":{"line":139,"column":5}}},"5":{"name":"(anonymous_7)","decl":{"start":{"line":157,"column":2},"end":{"line":157,"column":7}},"loc":{"start":{"line":157,"column":25},"end":{"line":189,"column":3}}}},"branchMap":{"0":{"loc":{"start":{"line":23,"column":4},"end":{"line":23,"column":67}},"type":"if","locations":[{"start":{"line":23,"column":4},"end":{"line":23,"column":67}},{"start":{},"end":{}}]},"1":{"loc":{"start":{"line":24,"column":4},"end":{"line":24,"column":84}},"type":"if","locations":[{"start":{"line":24,"column":4},"end":{"line":24,"column":84}},{"start":{},"end":{}}]},"2":{"loc":{"start":{"line":31,"column":24},"end":{"line":31,"column":80}},"type":"cond-expr","locations":[{"start":{"line":31,"column":45},"end":{"line":31,"column":73}},{"start":{"line":31,"column":76},"end":{"line":31,"column":80}}]},"3":{"loc":{"start":{"line":32,"column":22},"end":{"line":32,"column":74}},"type":"cond-expr","locations":[{"start":{"line":32,"column":41},"end":{"line":32,"column":67}},{"start":{"line":32,"column":70},"end":{"line":32,"column":74}}]},"4":{"loc":{"start":{"line":50,"column":58},"end":{"line":50,"column":92}},"type":"binary-expr","locations":[{"start":{"line":50,"column":58},"end":{"line":50,"column":68}},{"start":{"line":50,"column":72},"end":{"line":50,"column":92}}]},"5":{"loc":{"start":{"line":64,"column":4},"end":{"line":72,"column":5}},"type":"if","locations":[{"start":{"line":64,"column":4},"end":{"line":72,"column":5}},{"start":{},"end":{}}]},"6":{"loc":{"start":{"line":64,"column":8},"end":{"line":64,"column":58}},"type":"binary-expr","locations":[{"start":{"line":64,"column":8},"end":{"line":64,"column":30}},{"start":{"line":64,"column":34},"end":{"line":64,"column":58}}]},"7":{"loc":{"start":{"line":90,"column":4},"end":{"line":90,"column":67}},"type":"if","locations":[{"start":{"line":90,"column":4},"end":{"line":90,"column":67}},{"start":{},"end":{}}]},"8":{"loc":{"start":{"line":91,"column":4},"end":{"line":93,"column":5}},"type":"if","locations":[{"start":{"line":91,"column":4},"end":{"line":93,"column":5}},{"start":{},"end":{}}]},"9":{"loc":{"start":{"line":95,"column":22},"end":{"line":95,"column":71}},"type":"binary-expr","locations":[{"start":{"line":95,"column":22},"end":{"line":95,"column":45}},{"start":{"line":95,"column":49},"end":{"line":95,"column":71}}]},"10":{"loc":{"start":{"line":96,"column":21},"end":{"line":96,"column":72}},"type":"binary-expr","locations":[{"start":{"line":96,"column":21},"end":{"line":96,"column":43}},{"start":{"line":96,"column":47},"end":{"line":96,"column":72}}]},"11":{"loc":{"start":{"line":97,"column":19},"end":{"line":97,"column":66}},"type":"binary-expr","locations":[{"start":{"line":97,"column":19},"end":{"line":97,"column":39}},{"start":{"line":97,"column":43},"end":{"line":97,"column":66}}]},"12":{"loc":{"start":{"line":99,"column":23},"end":{"line":99,"column":96}},"type":"binary-expr","locations":[{"start":{"line":99,"column":23},"end":{"line":99,"column":46}},{"start":{"line":99,"column":50},"end":{"line":99,"column":72}},{"start":{"line":99,"column":76},"end":{"line":99,"column":96}}]},"13":{"loc":{"start":{"line":102,"column":4},"end":{"line":113,"column":5}},"type":"if","locations":[{"start":{"line":102,"column":4},"end":{"line":113,"column":5}},{"start":{},"end":{}}]},"14":{"loc":{"start":{"line":110,"column":6},"end":{"line":112,"column":7}},"type":"if","locations":[{"start":{"line":110,"column":6},"end":{"line":112,"column":7}},{"start":{},"end":{}}]},"15":{"loc":{"start":{"line":117,"column":6},"end":{"line":133,"column":7}},"type":"if","locations":[{"start":{"line":117,"column":6},"end":{"line":133,"column":7}},{"start":{"line":123,"column":13},"end":{"line":133,"column":7}}]},"16":{"loc":{"start":{"line":151,"column":14},"end":{"line":151,"column":60}},"type":"cond-expr","locations":[{"start":{"line":151,"column":31},"end":{"line":151,"column":45}},{"start":{"line":151,"column":48},"end":{"line":151,"column":60}}]},"17":{"loc":{"start":{"line":165,"column":4},"end":{"line":165,"column":67}},"type":"if","locations":[{"start":{"line":165,"column":4},"end":{"line":165,"column":67}},{"start":{},"end":{}}]},"18":{"loc":{"start":{"line":166,"column":4},"end":{"line":168,"column":5}},"type":"if","locations":[{"start":{"line":166,"column":4},"end":{"line":168,"column":5}},{"start":{},"end":{}}]},"19":{"loc":{"start":{"line":12,"column":20},"end":{"line":12,"column":null}},"type":"cond-expr","locations":[{"start":{"line":12,"column":33},"end":{"line":12,"column":null}},{"start":{"line":12,"column":33},"end":{"line":12,"column":null}}]},"20":{"loc":{"start":{"line":12,"column":20},"end":{"line":12,"column":33}},"type":"binary-expr","locations":[{"start":{"line":12,"column":20},"end":{"line":12,"column":null}},{"start":{"line":12,"column":20},"end":{"line":12,"column":33}}]},"21":{"loc":{"start":{"line":12,"column":33},"end":{"line":13,"column":null}},"type":"cond-expr","locations":[{"start":{"line":13,"column":44},"end":{"line":13,"column":null}},{"start":{"line":13,"column":44},"end":{"line":13,"column":null}}]},"22":{"loc":{"start":{"line":12,"column":33},"end":{"line":13,"column":44}},"type":"binary-expr","locations":[{"start":{"line":12,"column":33},"end":{"line":13,"column":null}},{"start":{"line":13,"column":29},"end":{"line":13,"column":44}}]},"23":{"loc":{"start":{"line":13,"column":44},"end":{"line":14,"column":null}},"type":"cond-expr","locations":[{"start":{"line":14,"column":38},"end":{"line":14,"column":null}},{"start":{"line":14,"column":38},"end":{"line":14,"column":null}}]},"24":{"loc":{"start":{"line":13,"column":44},"end":{"line":14,"column":38}},"type":"binary-expr","locations":[{"start":{"line":13,"column":44},"end":{"line":14,"column":null}},{"start":{"line":14,"column":26},"end":{"line":14,"column":38}}]},"25":{"loc":{"start":{"line":14,"column":38},"end":{"line":15,"column":null}},"type":"cond-expr","locations":[{"start":{"line":15,"column":54},"end":{"line":15,"column":null}},{"start":{"line":15,"column":54},"end":{"line":15,"column":null}}]},"26":{"loc":{"start":{"line":14,"column":38},"end":{"line":15,"column":54}},"type":"binary-expr","locations":[{"start":{"line":14,"column":38},"end":{"line":15,"column":null}},{"start":{"line":15,"column":34},"end":{"line":15,"column":54}}]}},"s":{"0":1,"1":1,"2":1,"3":1,"4":1,"5":1,"6":1,"7":9,"8":9,"9":9,"10":9,"11":3,"12":3,"13":1,"14":2,"15":1,"16":1,"17":1,"18":1,"19":2,"20":2,"21":1,"22":2,"23":1,"24":1,"25":3,"26":3,"27":1,"28":2,"29":1,"30":1,"31":1,"32":1,"33":1,"34":1,"35":1,"36":1,"37":1,"38":1,"39":0,"40":0,"41":0,"42":0,"43":0,"44":0,"45":0,"46":0,"47":0,"48":0,"49":0,"50":0,"51":0,"52":0,"53":0,"54":0,"55":0,"56":1,"57":1},"f":{"0":9,"1":3,"2":2,"3":3,"4":0,"5":0},"b":{"0":[1,2],"1":[1,1],"2":[0,1],"3":[0,1],"4":[2,0],"5":[1,1],"6":[2,1],"7":[1,2],"8":[1,1],"9":[1,0],"10":[1,0],"11":[1,0],"12":[1,0,0],"13":[1,0],"14":[1,0],"15":[0,0],"16":[0,0],"17":[0,0],"18":[0,0],"19":[1,0],"20":[1,1],"21":[1,0],"22":[1,1],"23":[1,0],"24":[1,1],"25":[1,0],"26":[1,1]}}
,"/home/ubuntu/roomflow/backend/src/booking-change-requests/dto/create-change-request.dto.ts": {"path":"/home/ubuntu/roomflow/backend/src/booking-change-requests/dto/create-change-request.dto.ts","statementMap":{"0":{"start":{"line":1,"column":0},"end":{"line":1,"column":89}},"1":{"start":{"line":3,"column":0},"end":{"line":3,"column":13}},"2":{"start":{"line":6,"column":2},"end":{"line":6,"column":null}},"3":{"start":{"line":10,"column":2},"end":{"line":10,"column":null}},"4":{"start":{"line":14,"column":2},"end":{"line":14,"column":null}},"5":{"start":{"line":18,"column":2},"end":{"line":18,"column":null}},"6":{"start":{"line":22,"column":2},"end":{"line":22,"column":null}}},"fnMap":{},"branchMap":{},"s":{"0":0,"1":0,"2":0,"3":0,"4":0,"5":0,"6":0},"f":{},"b":{}}
,"/home/ubuntu/roomflow/backend/src/bookings/bookings.controller.ts": {"path":"/home/ubuntu/roomflow/backend/src/bookings/bookings.controller.ts","statementMap":{"0":{"start":{"line":1,"column":0},"end":{"line":1,"column":null}},"1":{"start":{"line":10,"column":0},"end":{"line":10,"column":53}},"2":{"start":{"line":11,"column":0},"end":{"line":11,"column":60}},"3":{"start":{"line":12,"column":0},"end":{"line":12,"column":74}},"4":{"start":{"line":13,"column":0},"end":{"line":13,"column":38}},"5":{"start":{"line":16,"column":7},"end":{"line":51,"column":null}},"6":{"start":{"line":17,"column":31},"end":{"line":17,"column":48}},"7":{"start":{"line":24,"column":4},"end":{"line":24,"column":65}},"8":{"start":{"line":32,"column":4},"end":{"line":32,"column":56}},"9":{"start":{"line":41,"column":4},"end":{"line":41,"column":57}},"10":{"start":{"line":49,"column":4},"end":{"line":49,"column":61}},"11":{"start":{"line":16,"column":13},"end":{"line":16,"column":31}},"12":{"start":{"line":20,"column":2},"end":{"line":25,"column":null}},"13":{"start":{"line":28,"column":2},"end":{"line":33,"column":null}},"14":{"start":{"line":36,"column":2},"end":{"line":42,"column":null}},"15":{"start":{"line":45,"column":2},"end":{"line":50,"column":null}},"16":{"start":{"line":16,"column":13},"end":{"line":51,"column":null}}},"fnMap":{"0":{"name":"(anonymous_4)","decl":{"start":{"line":17,"column":2},"end":{"line":17,"column":31}},"loc":{"start":{"line":17,"column":63},"end":{"line":17,"column":67}}},"1":{"name":"(anonymous_5)","decl":{"start":{"line":20,"column":2},"end":{"line":20,"column":8}},"loc":{"start":{"line":22,"column":46},"end":{"line":25,"column":3}}},"2":{"name":"(anonymous_6)","decl":{"start":{"line":28,"column":2},"end":{"line":28,"column":9}},"loc":{"start":{"line":30,"column":36},"end":{"line":33,"column":3}}},"3":{"name":"(anonymous_7)","decl":{"start":{"line":36,"column":2},"end":{"line":36,"column":8}},"loc":{"start":{"line":39,"column":35},"end":{"line":42,"column":3}}},"4":{"name":"(anonymous_8)","decl":{"start":{"line":45,"column":2},"end":{"line":45,"column":8}},"loc":{"start":{"line":47,"column":119},"end":{"line":50,"column":3}}}},"branchMap":{"0":{"loc":{"start":{"line":22,"column":30},"end":{"line":22,"column":null}},"type":"cond-expr","locations":[{"start":{"line":22,"column":46},"end":{"line":22,"column":null}},{"start":{"line":22,"column":46},"end":{"line":22,"column":null}}]},"1":{"loc":{"start":{"line":22,"column":30},"end":{"line":22,"column":46}},"type":"binary-expr","locations":[{"start":{"line":22,"column":30},"end":{"line":22,"column":null}},{"start":{"line":22,"column":30},"end":{"line":22,"column":46}}]},"2":{"loc":{"start":{"line":39,"column":31},"end":{"line":39,"column":null}},"type":"cond-expr","locations":[{"start":{"line":39,"column":35},"end":{"line":39,"column":null}},{"start":{"line":39,"column":35},"end":{"line":39,"column":null}}]},"3":{"loc":{"start":{"line":39,"column":31},"end":{"line":39,"column":35}},"type":"binary-expr","locations":[{"start":{"line":39,"column":31},"end":{"line":39,"column":null}},{"start":{"line":39,"column":31},"end":{"line":39,"column":35}}]},"4":{"loc":{"start":{"line":17,"column":48},"end":{"line":17,"column":66}},"type":"cond-expr","locations":[{"start":{"line":17,"column":63},"end":{"line":17,"column":66}},{"start":{"line":17,"column":63},"end":{"line":17,"column":66}}]},"5":{"loc":{"start":{"line":17,"column":48},"end":{"line":17,"column":63}},"type":"binary-expr","locations":[{"start":{"line":17,"column":48},"end":{"line":17,"column":66}},{"start":{"line":17,"column":48},"end":{"line":17,"column":63}}]}},"s":{"0":0,"1":0,"2":0,"3":0,"4":0,"5":0,"6":0,"7":0,"8":0,"9":0,"10":0,"11":0,"12":0,"13":0,"14":0,"15":0,"16":0},"f":{"0":0,"1":0,"2":0,"3":0,"4":0},"b":{"0":[0,0],"1":[0,0],"2":[0,0],"3":[0,0],"4":[0,0],"5":[0,0]}}
,"/home/ubuntu/roomflow/backend/src/bookings/bookings.module.ts": {"path":"/home/ubuntu/roomflow/backend/src/bookings/bookings.module.ts","statementMap":{"0":{"start":{"line":1,"column":0},"end":{"line":1,"column":40}},"1":{"start":{"line":2,"column":0},"end":{"line":2,"column":53}},"2":{"start":{"line":3,"column":0},"end":{"line":3,"column":59}},"3":{"start":{"line":4,"column":0},"end":{"line":4,"column":52}},"4":{"start":{"line":12,"column":7},"end":{"line":12,"column":null}},"5":{"start":{"line":12,"column":13},"end":{"line":12,"column":27}},"6":{"start":{"line":12,"column":13},"end":{"line":12,"column":null}}},"fnMap":{},"branchMap":{},"s":{"0":0,"1":0,"2":0,"3":0,"4":0,"5":0,"6":0},"f":{},"b":{}}
,"/home/ubuntu/roomflow/backend/src/bookings/bookings.service.ts": {"path":"/home/ubuntu/roomflow/backend/src/bookings/bookings.service.ts","statementMap":{"0":{"start":{"line":1,"column":0},"end":{"line":1,"column":104}},"1":{"start":{"line":2,"column":0},"end":{"line":2,"column":57}},"2":{"start":{"line":4,"column":0},"end":{"line":4,"column":53}},"3":{"start":{"line":5,"column":0},"end":{"line":5,"column":54}},"4":{"start":{"line":8,"column":7},"end":{"line":164,"column":null}},"5":{"start":{"line":10,"column":12},"end":{"line":10,"column":20}},"6":{"start":{"line":11,"column":12},"end":{"line":11,"column":26}},"7":{"start":{"line":21,"column":22},"end":{"line":31,"column":6}},"8":{"start":{"line":33,"column":4},"end":{"line":33,"column":32}},"9":{"start":{"line":37,"column":22},"end":{"line":37,"column":58}},"10":{"start":{"line":38,"column":20},"end":{"line":38,"column":54}},"11":{"start":{"line":40,"column":4},"end":{"line":42,"column":5}},"12":{"start":{"line":41,"column":6},"end":{"line":41,"column":74}},"13":{"start":{"line":44,"column":17},"end":{"line":44,"column":94}},"14":{"start":{"line":45,"column":4},"end":{"line":45,"column":61}},"15":{"start":{"line":45,"column":15},"end":{"line":45,"column":61}},"16":{"start":{"line":46,"column":4},"end":{"line":46,"column":98}},"17":{"start":{"line":46,"column":39},"end":{"line":46,"column":98}},"18":{"start":{"line":48,"column":24},"end":{"line":51,"column":null}},"19":{"start":{"line":54,"column":4},"end":{"line":56,"column":5}},"20":{"start":{"line":55,"column":6},"end":{"line":55,"column":83}},"21":{"start":{"line":58,"column":20},"end":{"line":69,"column":6}},"22":{"start":{"line":72,"column":4},"end":{"line":80,"column":5}},"23":{"start":{"line":73,"column":6},"end":{"line":79,"column":8}},"24":{"start":{"line":82,"column":4},"end":{"line":82,"column":19}},"25":{"start":{"line":86,"column":4},"end":{"line":97,"column":7}},"26":{"start":{"line":101,"column":20},"end":{"line":104,"column":6}},"27":{"start":{"line":105,"column":4},"end":{"line":105,"column":67}},"28":{"start":{"line":105,"column":18},"end":{"line":105,"column":67}},"29":{"start":{"line":107,"column":4},"end":{"line":109,"column":5}},"30":{"start":{"line":108,"column":6},"end":{"line":108,"column":127}},"31":{"start":{"line":111,"column":4},"end":{"line":113,"column":5}},"32":{"start":{"line":112,"column":6},"end":{"line":112,"column":76}},"33":{"start":{"line":116,"column":4},"end":{"line":122,"column":5}},"34":{"start":{"line":117,"column":6},"end":{"line":121,"column":8}},"35":{"start":{"line":124,"column":4},"end":{"line":127,"column":7}},"36":{"start":{"line":131,"column":20},"end":{"line":131,"column":86}},"37":{"start":{"line":132,"column":4},"end":{"line":132,"column":67}},"38":{"start":{"line":132,"column":18},"end":{"line":132,"column":67}},"39":{"start":{"line":134,"column":19},"end":{"line":134,"column":53}},"40":{"start":{"line":135,"column":22},"end":{"line":135,"column":93}},"41":{"start":{"line":136,"column":20},"end":{"line":136,"column":85}},"42":{"start":{"line":138,"column":4},"end":{"line":140,"column":5}},"43":{"start":{"line":139,"column":6},"end":{"line":139,"column":74}},"44":{"start":{"line":142,"column":24},"end":{"line":146,"column":null}},"45":{"start":{"line":149,"column":4},"end":{"line":151,"column":5}},"46":{"start":{"line":150,"column":6},"end":{"line":150,"column":83}},"47":{"start":{"line":153,"column":4},"end":{"line":162,"column":7}},"48":{"start":{"line":8,"column":13},"end":{"line":8,"column":28}},"49":{"start":{"line":8,"column":13},"end":{"line":164,"column":null}}},"fnMap":{"0":{"name":"(anonymous_2)","decl":{"start":{"line":9,"column":2},"end":{"line":9,"column":null}},"loc":{"start":{"line":11,"column":38},"end":{"line":12,"column":6}}},"1":{"name":"(anonymous_3)","decl":{"start":{"line":14,"column":2},"end":{"line":14,"column":7}},"loc":{"start":{"line":18,"column":29},"end":{"line":34,"column":3}}},"2":{"name":"(anonymous_4)","decl":{"start":{"line":36,"column":2},"end":{"line":36,"column":7}},"loc":{"start":{"line":36,"column":65},"end":{"line":83,"column":3}}},"3":{"name":"(anonymous_5)","decl":{"start":{"line":85,"column":2},"end":{"line":85,"column":7}},"loc":{"start":{"line":85,"column":48},"end":{"line":98,"column":3}}},"4":{"name":"(anonymous_6)","decl":{"start":{"line":100,"column":2},"end":{"line":100,"column":7}},"loc":{"start":{"line":100,"column":64},"end":{"line":128,"column":3}}},"5":{"name":"(anonymous_7)","decl":{"start":{"line":130,"column":2},"end":{"line":130,"column":7}},"loc":{"start":{"line":130,"column":134},"end":{"line":163,"column":3}}}},"branchMap":{"0":{"loc":{"start":{"line":25,"column":12},"end":{"line":25,"column":68}},"type":"cond-expr","locations":[{"start":{"line":25,"column":31},"end":{"line":25,"column":56}},{"start":{"line":25,"column":59},"end":{"line":25,"column":68}}]},"1":{"loc":{"start":{"line":40,"column":4},"end":{"line":42,"column":5}},"type":"if","locations":[{"start":{"line":40,"column":4},"end":{"line":42,"column":5}},{"start":{},"end":{}}]},"2":{"loc":{"start":{"line":45,"column":4},"end":{"line":45,"column":61}},"type":"if","locations":[{"start":{"line":45,"column":4},"end":{"line":45,"column":61}},{"start":{},"end":{}}]},"3":{"loc":{"start":{"line":46,"column":4},"end":{"line":46,"column":98}},"type":"if","locations":[{"start":{"line":46,"column":4},"end":{"line":46,"column":98}},{"start":{},"end":{}}]},"4":{"loc":{"start":{"line":54,"column":4},"end":{"line":56,"column":5}},"type":"if","locations":[{"start":{"line":54,"column":4},"end":{"line":56,"column":5}},{"start":{},"end":{}}]},"5":{"loc":{"start":{"line":72,"column":4},"end":{"line":80,"column":5}},"type":"if","locations":[{"start":{"line":72,"column":4},"end":{"line":80,"column":5}},{"start":{},"end":{}}]},"6":{"loc":{"start":{"line":105,"column":4},"end":{"line":105,"column":67}},"type":"if","locations":[{"start":{"line":105,"column":4},"end":{"line":105,"column":67}},{"start":{},"end":{}}]},"7":{"loc":{"start":{"line":107,"column":4},"end":{"line":109,"column":5}},"type":"if","locations":[{"start":{"line":107,"column":4},"end":{"line":109,"column":5}},{"start":{},"end":{}}]},"8":{"loc":{"start":{"line":111,"column":4},"end":{"line":113,"column":5}},"type":"if","locations":[{"start":{"line":111,"column":4},"end":{"line":113,"column":5}},{"start":{},"end":{}}]},"9":{"loc":{"start":{"line":111,"column":8},"end":{"line":111,"column":95}},"type":"binary-expr","locations":[{"start":{"line":111,"column":8},"end":{"line":111,"column":34}},{"start":{"line":111,"column":38},"end":{"line":111,"column":66}},{"start":{"line":111,"column":70},"end":{"line":111,"column":95}}]},"10":{"loc":{"start":{"line":116,"column":4},"end":{"line":122,"column":5}},"type":"if","locations":[{"start":{"line":116,"column":4},"end":{"line":122,"column":5}},{"start":{},"end":{}}]},"11":{"loc":{"start":{"line":132,"column":4},"end":{"line":132,"column":67}},"type":"if","locations":[{"start":{"line":132,"column":4},"end":{"line":132,"column":67}},{"start":{},"end":{}}]},"12":{"loc":{"start":{"line":134,"column":19},"end":{"line":134,"column":53}},"type":"binary-expr","locations":[{"start":{"line":134,"column":19},"end":{"line":134,"column":35}},{"start":{"line":134,"column":39},"end":{"line":134,"column":53}}]},"13":{"loc":{"start":{"line":135,"column":22},"end":{"line":135,"column":93}},"type":"cond-expr","locations":[{"start":{"line":135,"column":44},"end":{"line":135,"column":73}},{"start":{"line":135,"column":76},"end":{"line":135,"column":93}}]},"14":{"loc":{"start":{"line":136,"column":20},"end":{"line":136,"column":85}},"type":"cond-expr","locations":[{"start":{"line":136,"column":40},"end":{"line":136,"column":67}},{"start":{"line":136,"column":70},"end":{"line":136,"column":85}}]},"15":{"loc":{"start":{"line":138,"column":4},"end":{"line":140,"column":5}},"type":"if","locations":[{"start":{"line":138,"column":4},"end":{"line":140,"column":5}},{"start":{},"end":{}}]},"16":{"loc":{"start":{"line":149,"column":4},"end":{"line":151,"column":5}},"type":"if","locations":[{"start":{"line":149,"column":4},"end":{"line":151,"column":5}},{"start":{},"end":{}}]},"17":{"loc":{"start":{"line":10,"column":20},"end":{"line":10,"column":null}},"type":"cond-expr","locations":[{"start":{"line":10,"column":33},"end":{"line":10,"column":null}},{"start":{"line":10,"column":33},"end":{"line":10,"column":null}}]},"18":{"loc":{"start":{"line":10,"column":20},"end":{"line":10,"column":33}},"type":"binary-expr","locations":[{"start":{"line":10,"column":20},"end":{"line":10,"column":null}},{"start":{"line":10,"column":20},"end":{"line":10,"column":33}}]},"19":{"loc":{"start":{"line":10,"column":33},"end":{"line":11,"column":null}},"type":"cond-expr","locations":[{"start":{"line":11,"column":38},"end":{"line":11,"column":null}},{"start":{"line":11,"column":38},"end":{"line":11,"column":null}}]},"20":{"loc":{"start":{"line":10,"column":33},"end":{"line":11,"column":38}},"type":"binary-expr","locations":[{"start":{"line":10,"column":33},"end":{"line":11,"column":null}},{"start":{"line":11,"column":26},"end":{"line":11,"column":38}}]}},"s":{"0":2,"1":2,"2":2,"3":2,"4":2,"5":6,"6":6,"7":3,"8":3,"9":3,"10":3,"11":3,"12":1,"13":2,"14":2,"15":1,"16":1,"17":0,"18":1,"19":1,"20":0,"21":1,"22":1,"23":1,"24":1,"25":0,"26":0,"27":0,"28":0,"29":0,"30":0,"31":0,"32":0,"33":0,"34":0,"35":0,"36":0,"37":0,"38":0,"39":0,"40":0,"41":0,"42":0,"43":0,"44":0,"45":0,"46":0,"47":0,"48":2,"49":2},"f":{"0":6,"1":3,"2":3,"3":0,"4":0,"5":0},"b":{"0":[0,3],"1":[1,2],"2":[1,1],"3":[0,1],"4":[0,1],"5":[1,0],"6":[0,0],"7":[0,0],"8":[0,0],"9":[0,0,0],"10":[0,0],"11":[0,0],"12":[0,0],"13":[0,0],"14":[0,0],"15":[0,0],"16":[0,0],"17":[2,0],"18":[2,2],"19":[2,0],"20":[2,2]}}
,"/home/ubuntu/roomflow/backend/src/bookings/dto/create-booking.dto.ts": {"path":"/home/ubuntu/roomflow/backend/src/bookings/dto/create-booking.dto.ts","statementMap":{"0":{"start":{"line":1,"column":0},"end":{"line":1,"column":89}},"1":{"start":{"line":3,"column":0},"end":{"line":3,"column":13}},"2":{"start":{"line":6,"column":2},"end":{"line":6,"column":null}},"3":{"start":{"line":10,"column":2},"end":{"line":10,"column":null}},"4":{"start":{"line":14,"column":2},"end":{"line":14,"column":null}},"5":{"start":{"line":18,"column":2},"end":{"line":18,"column":null}},"6":{"start":{"line":22,"column":2},"end":{"line":22,"column":null}}},"fnMap":{},"branchMap":{},"s":{"0":0,"1":0,"2":0,"3":0,"4":0,"5":0,"6":0},"f":{},"b":{}}
,"/home/ubuntu/roomflow/backend/src/buildings/buildings.controller.ts": {"path":"/home/ubuntu/roomflow/backend/src/buildings/buildings.controller.ts","statementMap":{"0":{"start":{"line":1,"column":0},"end":{"line":1,"column":null}},"1":{"start":{"line":11,"column":0},"end":{"line":11,"column":55}},"2":{"start":{"line":12,"column":0},"end":{"line":12,"column":62}},"3":{"start":{"line":13,"column":0},"end":{"line":13,"column":62}},"4":{"start":{"line":14,"column":0},"end":{"line":14,"column":61}},"5":{"start":{"line":15,"column":0},"end":{"line":15,"column":38}},"6":{"start":{"line":18,"column":7},"end":{"line":51,"column":null}},"7":{"start":{"line":19,"column":31},"end":{"line":19,"column":49}},"8":{"start":{"line":24,"column":4},"end":{"line":24,"column":59}},"9":{"start":{"line":29,"column":4},"end":{"line":29,"column":43}},"10":{"start":{"line":34,"column":4},"end":{"line":34,"column":45}},"11":{"start":{"line":43,"column":4},"end":{"line":43,"column":63}},"12":{"start":{"line":49,"column":4},"end":{"line":49,"column":44}},"13":{"start":{"line":18,"column":13},"end":{"line":18,"column":32}},"14":{"start":{"line":23,"column":2},"end":{"line":25,"column":null}},"15":{"start":{"line":28,"column":2},"end":{"line":30,"column":null}},"16":{"start":{"line":33,"column":2},"end":{"line":35,"column":null}},"17":{"start":{"line":39,"column":2},"end":{"line":44,"column":null}},"18":{"start":{"line":48,"column":2},"end":{"line":50,"column":null}},"19":{"start":{"line":18,"column":13},"end":{"line":51,"column":null}}},"fnMap":{"0":{"name":"(anonymous_4)","decl":{"start":{"line":19,"column":2},"end":{"line":19,"column":31}},"loc":{"start":{"line":19,"column":65},"end":{"line":19,"column":69}}},"1":{"name":"(anonymous_5)","decl":{"start":{"line":23,"column":2},"end":{"line":23,"column":8}},"loc":{"start":{"line":23,"column":53},"end":{"line":25,"column":3}}},"2":{"name":"(anonymous_6)","decl":{"start":{"line":28,"column":2},"end":{"line":28,"column":9}},"loc":{"start":{"line":28,"column":9},"end":{"line":30,"column":3}}},"3":{"name":"(anonymous_7)","decl":{"start":{"line":33,"column":2},"end":{"line":33,"column":9}},"loc":{"start":{"line":33,"column":33},"end":{"line":35,"column":3}}},"4":{"name":"(anonymous_8)","decl":{"start":{"line":39,"column":2},"end":{"line":39,"column":8}},"loc":{"start":{"line":41,"column":48},"end":{"line":44,"column":3}}},"5":{"name":"(anonymous_9)","decl":{"start":{"line":48,"column":2},"end":{"line":48,"column":8}},"loc":{"start":{"line":48,"column":32},"end":{"line":50,"column":3}}}},"branchMap":{"0":{"loc":{"start":{"line":23,"column":36},"end":{"line":23,"column":null}},"type":"cond-expr","locations":[{"start":{"line":23,"column":53},"end":{"line":23,"column":null}},{"start":{"line":23,"column":53},"end":{"line":23,"column":null}}]},"1":{"loc":{"start":{"line":23,"column":36},"end":{"line":23,"column":53}},"type":"binary-expr","locations":[{"start":{"line":23,"column":36},"end":{"line":23,"column":null}},{"start":{"line":23,"column":36},"end":{"line":23,"column":53}}]},"2":{"loc":{"start":{"line":41,"column":31},"end":{"line":41,"column":null}},"type":"cond-expr","locations":[{"start":{"line":41,"column":48},"end":{"line":41,"column":null}},{"start":{"line":41,"column":48},"end":{"line":41,"column":null}}]},"3":{"loc":{"start":{"line":41,"column":31},"end":{"line":41,"column":48}},"type":"binary-expr","locations":[{"start":{"line":41,"column":31},"end":{"line":41,"column":null}},{"start":{"line":41,"column":31},"end":{"line":41,"column":48}}]},"4":{"loc":{"start":{"line":19,"column":49},"end":{"line":19,"column":68}},"type":"cond-expr","locations":[{"start":{"line":19,"column":65},"end":{"line":19,"column":68}},{"start":{"line":19,"column":65},"end":{"line":19,"column":68}}]},"5":{"loc":{"start":{"line":19,"column":49},"end":{"line":19,"column":65}},"type":"binary-expr","locations":[{"start":{"line":19,"column":49},"end":{"line":19,"column":68}},{"start":{"line":19,"column":49},"end":{"line":19,"column":65}}]}},"s":{"0":0,"1":0,"2":0,"3":0,"4":0,"5":0,"6":0,"7":0,"8":0,"9":0,"10":0,"11":0,"12":0,"13":0,"14":0,"15":0,"16":0,"17":0,"18":0,"19":0},"f":{"0":0,"1":0,"2":0,"3":0,"4":0,"5":0},"b":{"0":[0,0],"1":[0,0],"2":[0,0],"3":[0,0],"4":[0,0],"5":[0,0]}}
,"/home/ubuntu/roomflow/backend/src/buildings/buildings.module.ts": {"path":"/home/ubuntu/roomflow/backend/src/buildings/buildings.module.ts","statementMap":{"0":{"start":{"line":1,"column":0},"end":{"line":1,"column":40}},"1":{"start":{"line":2,"column":0},"end":{"line":2,"column":55}},"2":{"start":{"line":3,"column":0},"end":{"line":3,"column":61}},"3":{"start":{"line":9,"column":7},"end":{"line":9,"column":null}},"4":{"start":{"line":9,"column":13},"end":{"line":9,"column":28}},"5":{"start":{"line":9,"column":13},"end":{"line":9,"column":null}}},"fnMap":{},"branchMap":{},"s":{"0":0,"1":0,"2":0,"3":0,"4":0,"5":0},"f":{},"b":{}}
,"/home/ubuntu/roomflow/backend/src/buildings/buildings.service.ts": {"path":"/home/ubuntu/roomflow/backend/src/buildings/buildings.service.ts","statementMap":{"0":{"start":{"line":1,"column":0},"end":{"line":1,"column":63}},"1":{"start":{"line":2,"column":0},"end":{"line":2,"column":57}},"2":{"start":{"line":7,"column":7},"end":{"line":45,"column":null}},"3":{"start":{"line":8,"column":22},"end":{"line":8,"column":30}},"4":{"start":{"line":11,"column":4},"end":{"line":13,"column":7}},"5":{"start":{"line":17,"column":4},"end":{"line":19,"column":7}},"6":{"start":{"line":23,"column":21},"end":{"line":26,"column":6}},"7":{"start":{"line":27,"column":4},"end":{"line":29,"column":5}},"8":{"start":{"line":28,"column":6},"end":{"line":28,"column":70}},"9":{"start":{"line":30,"column":4},"end":{"line":30,"column":20}},"10":{"start":{"line":34,"column":4},"end":{"line":37,"column":7}},"11":{"start":{"line":41,"column":4},"end":{"line":43,"column":7}},"12":{"start":{"line":7,"column":13},"end":{"line":7,"column":29}},"13":{"start":{"line":7,"column":13},"end":{"line":45,"column":null}}},"fnMap":{"0":{"name":"(anonymous_2)","decl":{"start":{"line":8,"column":2},"end":{"line":8,"column":22}},"loc":{"start":{"line":8,"column":43},"end":{"line":8,"column":47}}},"1":{"name":"(anonymous_3)","decl":{"start":{"line":10,"column":2},"end":{"line":10,"column":7}},"loc":{"start":{"line":10,"column":51},"end":{"line":14,"column":3}}},"2":{"name":"(anonymous_4)","decl":{"start":{"line":16,"column":2},"end":{"line":16,"column":7}},"loc":{"start":{"line":16,"column":15},"end":{"line":20,"column":3}}},"3":{"name":"(anonymous_5)","decl":{"start":{"line":22,"column":2},"end":{"line":22,"column":7}},"loc":{"start":{"line":22,"column":26},"end":{"line":31,"column":3}}},"4":{"name":"(anonymous_6)","decl":{"start":{"line":33,"column":2},"end":{"line":33,"column":7}},"loc":{"start":{"line":33,"column":63},"end":{"line":38,"column":3}}},"5":{"name":"(anonymous_7)","decl":{"start":{"line":40,"column":2},"end":{"line":40,"column":7}},"loc":{"start":{"line":40,"column":25},"end":{"line":44,"column":3}}}},"branchMap":{"0":{"loc":{"start":{"line":27,"column":4},"end":{"line":29,"column":5}},"type":"if","locations":[{"start":{"line":27,"column":4},"end":{"line":29,"column":5}},{"start":{},"end":{}}]},"1":{"loc":{"start":{"line":8,"column":30},"end":{"line":8,"column":46}},"type":"cond-expr","locations":[{"start":{"line":8,"column":43},"end":{"line":8,"column":46}},{"start":{"line":8,"column":43},"end":{"line":8,"column":46}}]},"2":{"loc":{"start":{"line":8,"column":30},"end":{"line":8,"column":43}},"type":"binary-expr","locations":[{"start":{"line":8,"column":30},"end":{"line":8,"column":46}},{"start":{"line":8,"column":30},"end":{"line":8,"column":43}}]}},"s":{"0":0,"1":0,"2":0,"3":0,"4":0,"5":0,"6":0,"7":0,"8":0,"9":0,"10":0,"11":0,"12":0,"13":0},"f":{"0":0,"1":0,"2":0,"3":0,"4":0,"5":0},"b":{"0":[0,0],"1":[0,0],"2":[0,0]}}
,"/home/ubuntu/roomflow/backend/src/buildings/dto/create-building.dto.ts": {"path":"/home/ubuntu/roomflow/backend/src/buildings/dto/create-building.dto.ts","statementMap":{"0":{"start":{"line":1,"column":0},"end":{"line":1,"column":55}},"1":{"start":{"line":3,"column":0},"end":{"line":3,"column":13}},"2":{"start":{"line":6,"column":2},"end":{"line":6,"column":null}}},"fnMap":{},"branchMap":{},"s":{"0":0,"1":0,"2":0},"f":{},"b":{}}
,"/home/ubuntu/roomflow/backend/src/buildings/dto/update-building.dto.ts": {"path":"/home/ubuntu/roomflow/backend/src/buildings/dto/update-building.dto.ts","statementMap":{"0":{"start":{"line":1,"column":0},"end":{"line":1,"column":51}},"1":{"start":{"line":2,"column":0},"end":{"line":2,"column":58}},"2":{"start":{"line":4,"column":0},"end":{"line":4,"column":13}}},"fnMap":{},"branchMap":{},"s":{"0":0,"1":0,"2":0},"f":{},"b":{}}
,"/home/ubuntu/roomflow/backend/src/chat/chat.controller.ts": {"path":"/home/ubuntu/roomflow/backend/src/chat/chat.controller.ts","statementMap":{"0":{"start":{"line":1,"column":0},"end":{"line":1,"column":null}},"1":{"start":{"line":10,"column":0},"end":{"line":10,"column":45}},"2":{"start":{"line":11,"column":0},"end":{"line":11,"column":56}},"3":{"start":{"line":12,"column":0},"end":{"line":12,"column":74}},"4":{"start":{"line":15,"column":7},"end":{"line":69,"column":null}},"5":{"start":{"line":16,"column":31},"end":{"line":16,"column":44}},"6":{"start":{"line":23,"column":4},"end":{"line":29,"column":6}},"7":{"start":{"line":34,"column":4},"end":{"line":34,"column":53}},"8":{"start":{"line":42,"column":4},"end":{"line":42,"column":75}},"9":{"start":{"line":50,"column":4},"end":{"line":50,"column":65}},"10":{"start":{"line":58,"column":4},"end":{"line":58,"column":57}},"11":{"start":{"line":67,"column":4},"end":{"line":67,"column":62}},"12":{"start":{"line":15,"column":13},"end":{"line":15,"column":27}},"13":{"start":{"line":19,"column":2},"end":{"line":30,"column":null}},"14":{"start":{"line":33,"column":2},"end":{"line":35,"column":null}},"15":{"start":{"line":38,"column":2},"end":{"line":43,"column":null}},"16":{"start":{"line":46,"column":2},"end":{"line":51,"column":null}},"17":{"start":{"line":54,"column":2},"end":{"line":59,"column":null}},"18":{"start":{"line":63,"column":2},"end":{"line":68,"column":null}},"19":{"start":{"line":15,"column":13},"end":{"line":69,"column":null}}},"fnMap":{"0":{"name":"(anonymous_4)","decl":{"start":{"line":16,"column":2},"end":{"line":16,"column":31}},"loc":{"start":{"line":16,"column":55},"end":{"line":16,"column":59}}},"1":{"name":"(anonymous_5)","decl":{"start":{"line":19,"column":2},"end":{"line":19,"column":13}},"loc":{"start":{"line":21,"column":31},"end":{"line":30,"column":3}}},"2":{"name":"(anonymous_6)","decl":{"start":{"line":33,"column":2},"end":{"line":33,"column":18}},"loc":{"start":{"line":33,"column":56},"end":{"line":35,"column":3}}},"3":{"name":"(anonymous_7)","decl":{"start":{"line":38,"column":2},"end":{"line":38,"column":25}},"loc":{"start":{"line":40,"column":48},"end":{"line":43,"column":3}}},"4":{"name":"(anonymous_8)","decl":{"start":{"line":46,"column":2},"end":{"line":46,"column":17}},"loc":{"start":{"line":48,"column":46},"end":{"line":51,"column":3}}},"5":{"name":"(anonymous_9)","decl":{"start":{"line":54,"column":2},"end":{"line":54,"column":12}},"loc":{"start":{"line":56,"column":41},"end":{"line":59,"column":3}}},"6":{"name":"(anonymous_10)","decl":{"start":{"line":63,"column":2},"end":{"line":63,"column":23}},"loc":{"start":{"line":65,"column":41},"end":{"line":68,"column":3}}}},"branchMap":{"0":{"loc":{"start":{"line":21,"column":17},"end":{"line":21,"column":null}},"type":"cond-expr","locations":[{"start":{"line":21,"column":31},"end":{"line":21,"column":null}},{"start":{"line":21,"column":31},"end":{"line":21,"column":null}}]},"1":{"loc":{"start":{"line":21,"column":17},"end":{"line":21,"column":31}},"type":"binary-expr","locations":[{"start":{"line":21,"column":17},"end":{"line":21,"column":null}},{"start":{"line":21,"column":17},"end":{"line":21,"column":31}}]},"2":{"loc":{"start":{"line":16,"column":44},"end":{"line":16,"column":58}},"type":"cond-expr","locations":[{"start":{"line":16,"column":55},"end":{"line":16,"column":58}},{"start":{"line":16,"column":55},"end":{"line":16,"column":58}}]},"3":{"loc":{"start":{"line":16,"column":44},"end":{"line":16,"column":55}},"type":"binary-expr","locations":[{"start":{"line":16,"column":44},"end":{"line":16,"column":58}},{"start":{"line":16,"column":44},"end":{"line":16,"column":55}}]}},"s":{"0":0,"1":0,"2":0,"3":0,"4":0,"5":0,"6":0,"7":0,"8":0,"9":0,"10":0,"11":0,"12":0,"13":0,"14":0,"15":0,"16":0,"17":0,"18":0,"19":0},"f":{"0":0,"1":0,"2":0,"3":0,"4":0,"5":0,"6":0},"b":{"0":[0,0],"1":[0,0],"2":[0,0],"3":[0,0]}}
,"/home/ubuntu/roomflow/backend/src/chat/chat.module.ts": {"path":"/home/ubuntu/roomflow/backend/src/chat/chat.module.ts","statementMap":{"0":{"start":{"line":1,"column":0},"end":{"line":1,"column":40}},"1":{"start":{"line":2,"column":0},"end":{"line":2,"column":45}},"2":{"start":{"line":3,"column":0},"end":{"line":3,"column":51}},"3":{"start":{"line":4,"column":0},"end":{"line":4,"column":64}},"4":{"start":{"line":5,"column":0},"end":{"line":5,"column":76}},"5":{"start":{"line":13,"column":7},"end":{"line":13,"column":null}},"6":{"start":{"line":13,"column":13},"end":{"line":13,"column":23}},"7":{"start":{"line":13,"column":13},"end":{"line":13,"column":null}}},"fnMap":{},"branchMap":{},"s":{"0":0,"1":0,"2":0,"3":0,"4":0,"5":0,"6":0,"7":0},"f":{},"b":{}}
,"/home/ubuntu/roomflow/backend/src/chat/chat.service.ts": {"path":"/home/ubuntu/roomflow/backend/src/chat/chat.service.ts","statementMap":{"0":{"start":{"line":1,"column":0},"end":{"line":1,"column":63}},"1":{"start":{"line":2,"column":0},"end":{"line":2,"column":57}},"2":{"start":{"line":3,"column":0},"end":{"line":3,"column":66}},"3":{"start":{"line":4,"column":0},"end":{"line":4,"column":78}},"4":{"start":{"line":8,"column":7},"end":{"line":229,"column":null}},"5":{"start":{"line":10,"column":12},"end":{"line":10,"column":20}},"6":{"start":{"line":11,"column":12},"end":{"line":11,"column":30}},"7":{"start":{"line":12,"column":12},"end":{"line":12,"column":34}},"8":{"start":{"line":23,"column":21},"end":{"line":25,"column":6}},"9":{"start":{"line":27,"column":4},"end":{"line":29,"column":5}},"10":{"start":{"line":28,"column":6},"end":{"line":28,"column":56}},"11":{"start":{"line":32,"column":20},"end":{"line":48,"column":6}},"12":{"start":{"line":51,"column":4},"end":{"line":60,"column":7}},"13":{"start":{"line":63,"column":4},"end":{"line":74,"column":6}},"14":{"start":{"line":76,"column":4},"end":{"line":76,"column":19}},"15":{"start":{"line":81,"column":24},"end":{"line":94,"column":6}},"16":{"start":{"line":97,"column":26},"end":{"line":97,"column":35}},"17":{"start":{"line":99,"column":4},"end":{"line":127,"column":5}},"18":{"start":{"line":100,"column":24},"end":{"line":100,"column":91}},"19":{"start":{"line":102,"column":6},"end":{"line":126,"column":7}},"20":{"start":{"line":103,"column":24},"end":{"line":106,"column":10}},"21":{"start":{"line":108,"column":8},"end":{"line":108,"column":31}},"22":{"start":{"line":108,"column":22},"end":{"line":108,"column":31}},"23":{"start":{"line":110,"column":28},"end":{"line":116,"column":10}},"24":{"start":{"line":118,"column":8},"end":{"line":125,"column":11}},"25":{"start":{"line":129,"column":4},"end":{"line":129,"column":46}},"26":{"start":{"line":134,"column":24},"end":{"line":137,"column":6}},"27":{"start":{"line":139,"column":4},"end":{"line":141,"column":5}},"28":{"start":{"line":140,"column":6},"end":{"line":140,"column":59}},"29":{"start":{"line":144,"column":28},"end":{"line":151,"column":6}},"30":{"start":{"line":154,"column":24},"end":{"line":160,"column":6}},"31":{"start":{"line":162,"column":4},"end":{"line":176,"column":6}},"32":{"start":{"line":180,"column":21},"end":{"line":202,"column":6}},"33":{"start":{"line":205,"column":4},"end":{"line":212,"column":7}},"34":{"start":{"line":214,"column":4},"end":{"line":214,"column":20}},"35":{"start":{"line":218,"column":19},"end":{"line":225,"column":6}},"36":{"start":{"line":227,"column":4},"end":{"line":227,"column":36}},"37":{"start":{"line":8,"column":13},"end":{"line":8,"column":24}},"38":{"start":{"line":8,"column":13},"end":{"line":229,"column":null}}},"fnMap":{"0":{"name":"(anonymous_2)","decl":{"start":{"line":9,"column":2},"end":{"line":9,"column":null}},"loc":{"start":{"line":12,"column":54},"end":{"line":13,"column":6}}},"1":{"name":"(anonymous_3)","decl":{"start":{"line":15,"column":2},"end":{"line":15,"column":7}},"loc":{"start":{"line":20,"column":22},"end":{"line":77,"column":3}}},"2":{"name":"(anonymous_4)","decl":{"start":{"line":79,"column":2},"end":{"line":79,"column":7}},"loc":{"start":{"line":79,"column":39},"end":{"line":130,"column":3}}},"3":{"name":"(anonymous_5)","decl":{"start":{"line":132,"column":2},"end":{"line":132,"column":7}},"loc":{"start":{"line":132,"column":69},"end":{"line":177,"column":3}}},"4":{"name":"(anonymous_6)","decl":{"start":{"line":179,"column":2},"end":{"line":179,"column":7}},"loc":{"start":{"line":179,"column":56},"end":{"line":215,"column":3}}},"5":{"name":"(anonymous_7)","decl":{"start":{"line":217,"column":2},"end":{"line":217,"column":7}},"loc":{"start":{"line":217,"column":51},"end":{"line":228,"column":3}}}},"branchMap":{"0":{"loc":{"start":{"line":27,"column":4},"end":{"line":29,"column":5}},"type":"if","locations":[{"start":{"line":27,"column":4},"end":{"line":29,"column":5}},{"start":{},"end":{}}]},"1":{"loc":{"start":{"line":56,"column":14},"end":{"line":56,"column":41}},"type":"binary-expr","locations":[{"start":{"line":56,"column":14},"end":{"line":56,"column":28}},{"start":{"line":56,"column":32},"end":{"line":56,"column":41}}]},"2":{"loc":{"start":{"line":57,"column":17},"end":{"line":57,"column":47}},"type":"binary-expr","locations":[{"start":{"line":57,"column":17},"end":{"line":57,"column":34}},{"start":{"line":57,"column":38},"end":{"line":57,"column":47}}]},"3":{"loc":{"start":{"line":100,"column":24},"end":{"line":100,"column":91}},"type":"cond-expr","locations":[{"start":{"line":100,"column":54},"end":{"line":100,"column":72}},{"start":{"line":100,"column":75},"end":{"line":100,"column":91}}]},"4":{"loc":{"start":{"line":102,"column":6},"end":{"line":126,"column":7}},"type":"if","locations":[{"start":{"line":102,"column":6},"end":{"line":126,"column":7}},{"start":{},"end":{}}]},"5":{"loc":{"start":{"line":108,"column":8},"end":{"line":108,"column":31}},"type":"if","locations":[{"start":{"line":108,"column":8},"end":{"line":108,"column":31}},{"start":{},"end":{}}]},"6":{"loc":{"start":{"line":139,"column":4},"end":{"line":141,"column":5}},"type":"if","locations":[{"start":{"line":139,"column":4},"end":{"line":141,"column":5}},{"start":{},"end":{}}]},"7":{"loc":{"start":{"line":173,"column":19},"end":{"line":173,"column":51}},"type":"binary-expr","locations":[{"start":{"line":173,"column":19},"end":{"line":173,"column":43}},{"start":{"line":173,"column":47},"end":{"line":173,"column":51}}]},"8":{"loc":{"start":{"line":174,"column":21},"end":{"line":174,"column":55}},"type":"binary-expr","locations":[{"start":{"line":174,"column":21},"end":{"line":174,"column":47}},{"start":{"line":174,"column":51},"end":{"line":174,"column":55}}]},"9":{"loc":{"start":{"line":10,"column":20},"end":{"line":10,"column":null}},"type":"cond-expr","locations":[{"start":{"line":10,"column":33},"end":{"line":10,"column":null}},{"start":{"line":10,"column":33},"end":{"line":10,"column":null}}]},"10":{"loc":{"start":{"line":10,"column":20},"end":{"line":10,"column":33}},"type":"binary-expr","locations":[{"start":{"line":10,"column":20},"end":{"line":10,"column":null}},{"start":{"line":10,"column":20},"end":{"line":10,"column":33}}]},"11":{"loc":{"start":{"line":10,"column":33},"end":{"line":11,"column":null}},"type":"cond-expr","locations":[{"start":{"line":11,"column":46},"end":{"line":11,"column":null}},{"start":{"line":11,"column":46},"end":{"line":11,"column":null}}]},"12":{"loc":{"start":{"line":10,"column":33},"end":{"line":11,"column":46}},"type":"binary-expr","locations":[{"start":{"line":10,"column":33},"end":{"line":11,"column":null}},{"start":{"line":11,"column":30},"end":{"line":11,"column":46}}]},"13":{"loc":{"start":{"line":11,"column":46},"end":{"line":12,"column":null}},"type":"cond-expr","locations":[{"start":{"line":12,"column":54},"end":{"line":12,"column":null}},{"start":{"line":12,"column":54},"end":{"line":12,"column":null}}]},"14":{"loc":{"start":{"line":11,"column":46},"end":{"line":12,"column":54}},"type":"binary-expr","locations":[{"start":{"line":11,"column":46},"end":{"line":12,"column":null}},{"start":{"line":12,"column":34},"end":{"line":12,"column":54}}]}},"s":{"0":0,"1":0,"2":0,"3":0,"4":0,"5":0,"6":0,"7":0,"8":0,"9":0,"10":0,"11":0,"12":0,"13":0,"14":0,"15":0,"16":0,"17":0,"18":0,"19":0,"20":0,"21":0,"22":0,"23":0,"24":0,"25":0,"26":0,"27":0,"28":0,"29":0,"30":0,"31":0,"32":0,"33":0,"34":0,"35":0,"36":0,"37":0,"38":0},"f":{"0":0,"1":0,"2":0,"3":0,"4":0,"5":0},"b":{"0":[0,0],"1":[0,0],"2":[0,0],"3":[0,0],"4":[0,0],"5":[0,0],"6":[0,0],"7":[0,0],"8":[0,0],"9":[0,0],"10":[0,0],"11":[0,0],"12":[0,0],"13":[0,0],"14":[0,0]}}
,"/home/ubuntu/roomflow/backend/src/chat/dto/send-message.dto.ts": {"path":"/home/ubuntu/roomflow/backend/src/chat/dto/send-message.dto.ts","statementMap":{"0":{"start":{"line":1,"column":0},"end":{"line":1,"column":75}},"1":{"start":{"line":3,"column":0},"end":{"line":3,"column":13}},"2":{"start":{"line":6,"column":2},"end":{"line":6,"column":null}},"3":{"start":{"line":10,"column":2},"end":{"line":10,"column":null}},"4":{"start":{"line":14,"column":2},"end":{"line":14,"column":null}},"5":{"start":{"line":18,"column":2},"end":{"line":18,"column":null}}},"fnMap":{},"branchMap":{},"s":{"0":0,"1":0,"2":0,"3":0,"4":0,"5":0},"f":{},"b":{}}
,"/home/ubuntu/roomflow/backend/src/common/decorators/current-user.decorator.ts": {"path":"/home/ubuntu/roomflow/backend/src/common/decorators/current-user.decorator.ts","statementMap":{"0":{"start":{"line":1,"column":0},"end":{"line":1,"column":72}},"1":{"start":{"line":3,"column":13},"end":{"line":10,"column":2}},"2":{"start":{"line":5,"column":20},"end":{"line":5,"column":51}},"3":{"start":{"line":6,"column":17},"end":{"line":6,"column":29}},"4":{"start":{"line":8,"column":4},"end":{"line":8,"column":38}}},"fnMap":{"0":{"name":"(anonymous_0)","decl":{"start":{"line":4,"column":2},"end":{"line":4,"column":3}},"loc":{"start":{"line":4,"column":42},"end":{"line":9,"column":3}}}},"branchMap":{"0":{"loc":{"start":{"line":8,"column":11},"end":{"line":8,"column":37}},"type":"cond-expr","locations":[{"start":{"line":8,"column":18},"end":{"line":8,"column":30}},{"start":{"line":8,"column":33},"end":{"line":8,"column":37}}]}},"s":{"0":0,"1":0,"2":0,"3":0,"4":0},"f":{"0":0},"b":{"0":[0,0]}}
,"/home/ubuntu/roomflow/backend/src/common/decorators/public.decorator.ts": {"path":"/home/ubuntu/roomflow/backend/src/common/decorators/public.decorator.ts","statementMap":{"0":{"start":{"line":1,"column":0},"end":{"line":1,"column":45}},"1":{"start":{"line":3,"column":13},"end":{"line":3,"column":40}},"2":{"start":{"line":4,"column":22},"end":{"line":4,"column":60}},"3":{"start":{"line":4,"column":28},"end":{"line":4,"column":60}},"4":{"start":{"line":4,"column":13},"end":{"line":4,"column":22}}},"fnMap":{"0":{"name":"(anonymous_0)","decl":{"start":{"line":4,"column":22},"end":{"line":4,"column":25}},"loc":{"start":{"line":4,"column":28},"end":{"line":4,"column":60}}}},"branchMap":{},"s":{"0":0,"1":0,"2":0,"3":0,"4":0},"f":{"0":0},"b":{}}
,"/home/ubuntu/roomflow/backend/src/common/decorators/roles.decorator.ts": {"path":"/home/ubuntu/roomflow/backend/src/common/decorators/roles.decorator.ts","statementMap":{"0":{"start":{"line":1,"column":0},"end":{"line":1,"column":45}},"1":{"start":{"line":4,"column":13},"end":{"line":4,"column":33}},"2":{"start":{"line":5,"column":21},"end":{"line":5,"column":72}},"3":{"start":{"line":5,"column":43},"end":{"line":5,"column":72}},"4":{"start":{"line":5,"column":13},"end":{"line":5,"column":21}}},"fnMap":{"0":{"name":"(anonymous_0)","decl":{"start":{"line":5,"column":21},"end":{"line":5,"column":22}},"loc":{"start":{"line":5,"column":43},"end":{"line":5,"column":72}}}},"branchMap":{},"s":{"0":0,"1":0,"2":0,"3":0,"4":0},"f":{"0":0},"b":{}}
,"/home/ubuntu/roomflow/backend/src/common/guards/jwt-auth.guard.ts": {"path":"/home/ubuntu/roomflow/backend/src/common/guards/jwt-auth.guard.ts","statementMap":{"0":{"start":{"line":1,"column":0},"end":{"line":1,"column":62}},"1":{"start":{"line":2,"column":0},"end":{"line":2,"column":41}},"2":{"start":{"line":3,"column":0},"end":{"line":3,"column":45}},"3":{"start":{"line":4,"column":0},"end":{"line":4,"column":63}},"4":{"start":{"line":7,"column":7},"end":{"line":22,"column":null}},"5":{"start":{"line":9,"column":4},"end":{"line":9,"column":12}},"6":{"start":{"line":8,"column":22},"end":{"line":8,"column":33}},"7":{"start":{"line":13,"column":21},"end":{"line":16,"column":6}},"8":{"start":{"line":17,"column":4},"end":{"line":19,"column":5}},"9":{"start":{"line":18,"column":6},"end":{"line":18,"column":18}},"10":{"start":{"line":20,"column":4},"end":{"line":20,"column":38}},"11":{"start":{"line":7,"column":13},"end":{"line":7,"column":25}},"12":{"start":{"line":7,"column":13},"end":{"line":22,"column":null}}},"fnMap":{"0":{"name":"(anonymous_2)","decl":{"start":{"line":8,"column":2},"end":{"line":8,"column":22}},"loc":{"start":{"line":8,"column":42},"end":{"line":10,"column":3}}},"1":{"name":"(anonymous_3)","decl":{"start":{"line":12,"column":2},"end":{"line":12,"column":13}},"loc":{"start":{"line":12,"column":39},"end":{"line":21,"column":3}}}},"branchMap":{"0":{"loc":{"start":{"line":17,"column":4},"end":{"line":19,"column":5}},"type":"if","locations":[{"start":{"line":17,"column":4},"end":{"line":19,"column":5}},{"start":{},"end":{}}]},"1":{"loc":{"start":{"line":8,"column":33},"end":{"line":8,"column":null}},"type":"cond-expr","locations":[{"start":{"line":8,"column":42},"end":{"line":8,"column":null}},{"start":{"line":8,"column":42},"end":{"line":8,"column":null}}]},"2":{"loc":{"start":{"line":8,"column":33},"end":{"line":8,"column":42}},"type":"binary-expr","locations":[{"start":{"line":8,"column":33},"end":{"line":8,"column":null}},{"start":{"line":8,"column":33},"end":{"line":8,"column":42}}]}},"s":{"0":0,"1":0,"2":0,"3":0,"4":0,"5":0,"6":0,"7":0,"8":0,"9":0,"10":0,"11":0,"12":0},"f":{"0":0,"1":0},"b":{"0":[0,0],"1":[0,0],"2":[0,0]}}
,"/home/ubuntu/roomflow/backend/src/common/guards/roles.guard.ts": {"path":"/home/ubuntu/roomflow/backend/src/common/guards/roles.guard.ts","statementMap":{"0":{"start":{"line":1,"column":0},"end":{"line":1,"column":75}},"1":{"start":{"line":2,"column":0},"end":{"line":2,"column":41}},"2":{"start":{"line":4,"column":0},"end":{"line":4,"column":58}},"3":{"start":{"line":7,"column":7},"end":{"line":21,"column":null}},"4":{"start":{"line":8,"column":22},"end":{"line":8,"column":33}},"5":{"start":{"line":11,"column":26},"end":{"line":14,"column":6}},"6":{"start":{"line":15,"column":4},"end":{"line":17,"column":5}},"7":{"start":{"line":16,"column":6},"end":{"line":16,"column":18}},"8":{"start":{"line":18,"column":21},"end":{"line":18,"column":56}},"9":{"start":{"line":19,"column":4},"end":{"line":19,"column":60}},"10":{"start":{"line":19,"column":40},"end":{"line":19,"column":58}},"11":{"start":{"line":7,"column":13},"end":{"line":7,"column":23}},"12":{"start":{"line":7,"column":13},"end":{"line":21,"column":null}}},"fnMap":{"0":{"name":"(anonymous_2)","decl":{"start":{"line":8,"column":2},"end":{"line":8,"column":22}},"loc":{"start":{"line":8,"column":42},"end":{"line":8,"column":46}}},"1":{"name":"(anonymous_3)","decl":{"start":{"line":10,"column":2},"end":{"line":10,"column":13}},"loc":{"start":{"line":10,"column":39},"end":{"line":20,"column":3}}},"2":{"name":"(anonymous_4)","decl":{"start":{"line":19,"column":30},"end":{"line":19,"column":31}},"loc":{"start":{"line":19,"column":40},"end":{"line":19,"column":58}}}},"branchMap":{"0":{"loc":{"start":{"line":15,"column":4},"end":{"line":17,"column":5}},"type":"if","locations":[{"start":{"line":15,"column":4},"end":{"line":17,"column":5}},{"start":{},"end":{}}]},"1":{"loc":{"start":{"line":8,"column":33},"end":{"line":8,"column":45}},"type":"cond-expr","locations":[{"start":{"line":8,"column":42},"end":{"line":8,"column":45}},{"start":{"line":8,"column":42},"end":{"line":8,"column":45}}]},"2":{"loc":{"start":{"line":8,"column":33},"end":{"line":8,"column":42}},"type":"binary-expr","locations":[{"start":{"line":8,"column":33},"end":{"line":8,"column":45}},{"start":{"line":8,"column":33},"end":{"line":8,"column":42}}]}},"s":{"0":0,"1":0,"2":0,"3":0,"4":0,"5":0,"6":0,"7":0,"8":0,"9":0,"10":0,"11":0,"12":0},"f":{"0":0,"1":0,"2":0},"b":{"0":[0,0],"1":[0,0],"2":[0,0]}}
[...]
,"/home/ubuntu/roomflow/backend/src/users/users.module.ts": {"path":"/home/ubuntu/roomflow/backend/src/users/users.module.ts","statementMap":{"0":{"start":{"line":1,"column":0},"end":{"line":1,"column":40}},"1":{"start":{"line":2,"column":0},"end":{"line":2,"column":47}},"2":{"start":{"line":3,"column":0},"end":{"line":3,"column":53}},"3":{"start":{"line":9,"column":7},"end":{"line":9,"column":null}},"4":{"start":{"line":9,"column":13},"end":{"line":9,"column":24}},"5":{"start":{"line":9,"column":13},"end":{"line":9,"column":null}}},"fnMap":{},"branchMap":{},"s":{"0":0,"1":0,"2":0,"3":0,"4":0,"5":0},"f":{},"b":{}}
,"/home/ubuntu/roomflow/backend/src/users/users.service.ts": {"path":"/home/ubuntu/roomflow/backend/src/users/users.service.ts","statementMap":{"0":{"start":{"line":1,"column":0},"end":{"line":1,"column":82}},"1":{"start":{"line":2,"column":0},"end":{"line":2,"column":57}},"2":{"start":{"line":5,"column":0},"end":{"line":5,"column":33}},"3":{"start":{"line":8,"column":7},"end":{"line":61,"column":null}},"4":{"start":{"line":9,"column":22},"end":{"line":9,"column":30}},"5":{"start":{"line":12,"column":21},"end":{"line":12,"column":87}},"6":{"start":{"line":13,"column":4},"end":{"line":13,"column":70}},"7":{"start":{"line":13,"column":18},"end":{"line":13,"column":70}},"8":{"start":{"line":15,"column":25},"end":{"line":15,"column":60}},"9":{"start":{"line":17,"column":4},"end":{"line":25,"column":7}},"10":{"start":{"line":29,"column":4},"end":{"line":31,"column":7}},"11":{"start":{"line":35,"column":17},"end":{"line":38,"column":6}},"12":{"start":{"line":39,"column":4},"end":{"line":39,"column":61}},"13":{"start":{"line":39,"column":15},"end":{"line":39,"column":61}},"14":{"start":{"line":40,"column":4},"end":{"line":40,"column":16}},"15":{"start":{"line":44,"column":22},"end":{"line":44,"column":32}},"16":{"start":{"line":45,"column":4},"end":{"line":45,"column":25}},"17":{"start":{"line":47,"column":4},"end":{"line":49,"column":5}},"18":{"start":{"line":48,"column":6},"end":{"line":48,"column":62}},"19":{"start":{"line":51,"column":4},"end":{"line":55,"column":7}},"20":{"start":{"line":59,"column":4},"end":{"line":59,"column":54}},"21":{"start":{"line":8,"column":13},"end":{"line":8,"column":25}},"22":{"start":{"line":8,"column":13},"end":{"line":61,"column":null}}},"fnMap":{"0":{"name":"(anonymous_11)","decl":{"start":{"line":9,"column":2},"end":{"line":9,"column":22}},"loc":{"start":{"line":9,"column":43},"end":{"line":9,"column":47}}},"1":{"name":"(anonymous_12)","decl":{"start":{"line":11,"column":2},"end":{"line":11,"column":7}},"loc":{"start":{"line":11,"column":33},"end":{"line":26,"column":3}}},"2":{"name":"(anonymous_13)","decl":{"start":{"line":28,"column":2},"end":{"line":28,"column":7}},"loc":{"start":{"line":28,"column":15},"end":{"line":32,"column":3}}},"3":{"name":"(anonymous_14)","decl":{"start":{"line":34,"column":2},"end":{"line":34,"column":7}},"loc":{"start":{"line":34,"column":26},"end":{"line":41,"column":3}}},"4":{"name":"(anonymous_15)","decl":{"start":{"line":43,"column":2},"end":{"line":43,"column":7}},"loc":{"start":{"line":43,"column":45},"end":{"line":56,"column":3}}},"5":{"name":"(anonymous_16)","decl":{"start":{"line":58,"column":2},"end":{"line":58,"column":7}},"loc":{"start":{"line":58,"column":25},"end":{"line":60,"column":3}}}},"branchMap":{"0":{"loc":{"start":{"line":13,"column":4},"end":{"line":13,"column":70}},"type":"if","locations":[{"start":{"line":13,"column":4},"end":{"line":13,"column":70}},{"start":{},"end":{}}]},"1":{"loc":{"start":{"line":39,"column":4},"end":{"line":39,"column":61}},"type":"if","locations":[{"start":{"line":39,"column":4},"end":{"line":39,"column":61}},{"start":{},"end":{}}]},"2":{"loc":{"start":{"line":47,"column":4},"end":{"line":49,"column":5}},"type":"if","locations":[{"start":{"line":47,"column":4},"end":{"line":49,"column":5}},{"start":{},"end":{}}]},"3":{"loc":{"start":{"line":9,"column":30},"end":{"line":9,"column":46}},"type":"cond-expr","locations":[{"start":{"line":9,"column":43},"end":{"line":9,"column":46}},{"start":{"line":9,"column":43},"end":{"line":9,"column":46}}]},"4":{"loc":{"start":{"line":9,"column":30},"end":{"line":9,"column":43}},"type":"binary-expr","locations":[{"start":{"line":9,"column":30},"end":{"line":9,"column":46}},{"start":{"line":9,"column":30},"end":{"line":9,"column":43}}]}},"s":{"0":1,"1":1,"2":1,"3":1,"4":6,"5":2,"6":2,"7":1,"8":1,"9":1,"10":1,"11":2,"12":2,"13":1,"14":1,"15":0,"16":0,"17":0,"18":0,"19":0,"20":0,"21":1,"22":1},"f":{"0":6,"1":2,"2":1,"3":2,"4":0,"5":0},"b":{"0":[1,1],"1":[1,1],"2":[0,0],"3":[1,0],"4":[1,1]}}
,"/home/ubuntu/roomflow/backend/src/users/dto/create-user.dto.ts": {"path":"/home/ubuntu/roomflow/backend/src/users/dto/create-user.dto.ts","statementMap":{"0":{"start":{"line":1,"column":0},"end":{"line":1,"column":83}},"1":{"start":{"line":2,"column":0},"end":{"line":2,"column":38}},"2":{"start":{"line":4,"column":0},"end":{"line":4,"column":13}},"3":{"start":{"line":7,"column":2},"end":{"line":7,"column":null}},"4":{"start":{"line":10,"column":2},"end":{"line":10,"column":null}},"5":{"start":{"line":14,"column":2},"end":{"line":14,"column":null}},"6":{"start":{"line":17,"column":2},"end":{"line":17,"column":null}}},"fnMap":{},"branchMap":{"0":{"loc":{"start":{"line":17,"column":8},"end":{"line":17,"column":13}},"type":"cond-expr","locations":[{"start":{"line":17,"column":12},"end":{"line":17,"column":13}},{"start":{"line":17,"column":12},"end":{"line":17,"column":13}}]},"1":{"loc":{"start":{"line":17,"column":8},"end":{"line":17,"column":12}},"type":"binary-expr","locations":[{"start":{"line":17,"column":8},"end":{"line":17,"column":13}},{"start":{"line":17,"column":8},"end":{"line":17,"column":12}}]}},"s":{"0":0,"1":0,"2":0,"3":0,"4":0,"5":0,"6":0},"f":{},"b":{"0":[0,0],"1":[0,0]}}
,"/home/ubuntu/roomflow/backend/src/users/dto/update-user.dto.ts": {"path":"/home/ubuntu/roomflow/backend/src/users/dto/update-user.dto.ts","statementMap":{"0":{"start":{"line":1,"column":0},"end":{"line":1,"column":51}},"1":{"start":{"line":2,"column":0},"end":{"line":2,"column":50}},"2":{"start":{"line":3,"column":0},"end":{"line":3,"column":66}},"3":{"start":{"line":5,"column":0},"end":{"line":5,"column":13}},"4":{"start":{"line":9,"column":2},"end":{"line":9,"column":null}}},"fnMap":{},"branchMap":{},"s":{"0":0,"1":0,"2":0,"3":0,"4":0},"f":{},"b":{}}
,"/home/ubuntu/roomflow/backend/src/websocket/websocket.gateway.ts": {"path":"/home/ubuntu/roomflow/backend/src/websocket/websocket.gateway.ts","statementMap":{"0":{"start":{"line":1,"column":0},"end":{"line":1,"column":null}},"1":{"start":{"line":7,"column":0},"end":{"line":7,"column":28}},"2":{"start":{"line":8,"column":0},"end":{"line":8,"column":52}},"3":{"start":{"line":9,"column":0},"end":{"line":9,"column":41}},"4":{"start":{"line":18,"column":7},"end":{"line":129,"column":null}},"5":{"start":{"line":19,"column":28},"end":{"line":19,"column":66}},"6":{"start":{"line":24,"column":47},"end":{"line":24,"column":56}},"7":{"start":{"line":26,"column":22},"end":{"line":26,"column":34}},"8":{"start":{"line":29,"column":4},"end":{"line":74,"column":5}},"9":{"start":{"line":31,"column":18},"end":{"line":31,"column":57}},"10":{"start":{"line":32,"column":20},"end":{"line":32,"column":49}},"11":{"start":{"line":34,"column":6},"end":{"line":38,"column":7}},"12":{"start":{"line":35,"column":8},"end":{"line":35,"column":85}},"13":{"start":{"line":36,"column":8},"end":{"line":36,"column":32}},"14":{"start":{"line":37,"column":8},"end":{"line":37,"column":15}},"15":{"start":{"line":40,"column":22},"end":{"line":40,"column":51}},"16":{"start":{"line":41,"column":21},"end":{"line":41,"column":32}},"17":{"start":{"line":43,"column":6},"end":{"line":43,"column":31}},"18":{"start":{"line":46,"column":6},"end":{"line":48,"column":7}},"19":{"start":{"line":47,"column":8},"end":{"line":47,"column":48}},"20":{"start":{"line":49,"column":6},"end":{"line":49,"column":48}},"21":{"start":{"line":51,"column":6},"end":{"line":51,"column":64}},"22":{"start":{"line":53,"column":6},"end":{"line":62,"column":9}},"23":{"start":{"line":54,"column":8},"end":{"line":61,"column":9}},"24":{"start":{"line":55,"column":26},"end":{"line":55,"column":53}},"25":{"start":{"line":56,"column":10},"end":{"line":58,"column":11}},"26":{"start":{"line":57,"column":12},"end":{"line":57,"column":58}},"27":{"start":{"line":64,"column":6},"end":{"line":66,"column":9}},"28":{"start":{"line":65,"column":8},"end":{"line":65,"column":38}},"29":{"start":{"line":68,"column":6},"end":{"line":70,"column":9}},"30":{"start":{"line":69,"column":8},"end":{"line":69,"column":38}},"31":{"start":{"line":72,"column":6},"end":{"line":72,"column":51}},"32":{"start":{"line":73,"column":6},"end":{"line":73,"column":30}},"33":{"start":{"line":78,"column":19},"end":{"line":78,"column":38}},"34":{"start":{"line":79,"column":4},"end":{"line":88,"column":5}},"35":{"start":{"line":80,"column":22},"end":{"line":80,"column":50}},"36":{"start":{"line":81,"column":6},"end":{"line":86,"column":7}},"37":{"start":{"line":82,"column":8},"end":{"line":82,"column":31}},"38":{"start":{"line":83,"column":8},"end":{"line":85,"column":9}},"39":{"start":{"line":84,"column":10},"end":{"line":84,"column":42}},"40":{"start":{"line":87,"column":6},"end":{"line":87,"column":53}},"41":{"start":{"line":93,"column":20},"end":{"line":93,"column":48}},"42":{"start":{"line":94,"column":4},"end":{"line":102,"column":5}},"43":{"start":{"line":95,"column":6},"end":{"line":101,"column":9}},"44":{"start":{"line":96,"column":8},"end":{"line":100,"column":9}},"45":{"start":{"line":97,"column":10},"end":{"line":97,"column":31}},"46":{"start":{"line":106,"column":20},"end":{"line":106,"column":81}},"47":{"start":{"line":107,"column":4},"end":{"line":107,"column":37}},"48":{"start":{"line":111,"column":20},"end":{"line":111,"column":81}},"49":{"start":{"line":112,"column":4},"end":{"line":112,"column":37}},"50":{"start":{"line":116,"column":20},"end":{"line":116,"column":78}},"51":{"start":{"line":117,"column":4},"end":{"line":119,"column":5}},"52":{"start":{"line":118,"column":6},"end":{"line":118,"column":53}},"53":{"start":{"line":120,"column":4},"end":{"line":122,"column":5}},"54":{"start":{"line":121,"column":6},"end":{"line":121,"column":55}},"55":{"start":{"line":126,"column":20},"end":{"line":126,"column":80}},"56":{"start":{"line":127,"column":4},"end":{"line":127,"column":37}},"57":{"start":{"line":18,"column":13},"end":{"line":18,"column":37}},"58":{"start":{"line":22,"column":2},"end":{"line":22,"column":null}},"59":{"start":{"line":18,"column":13},"end":{"line":129,"column":null}}},"fnMap":{"0":{"name":"(anonymous_2)","decl":{"start":{"line":26,"column":2},"end":{"line":26,"column":22}},"loc":{"start":{"line":26,"column":44},"end":{"line":26,"column":48}}},"1":{"name":"(anonymous_3)","decl":{"start":{"line":28,"column":2},"end":{"line":28,"column":18}},"loc":{"start":{"line":28,"column":30},"end":{"line":75,"column":3}}},"2":{"name":"(anonymous_4)","decl":{"start":{"line":53,"column":27},"end":{"line":53,"column":28}},"loc":{"start":{"line":53,"column":44},"end":{"line":62,"column":7}}},"3":{"name":"(anonymous_5)","decl":{"start":{"line":64,"column":25},"end":{"line":64,"column":28}},"loc":{"start":{"line":64,"column":30},"end":{"line":66,"column":7}}},"4":{"name":"(anonymous_6)","decl":{"start":{"line":68,"column":25},"end":{"line":68,"column":28}},"loc":{"start":{"line":68,"column":30},"end":{"line":70,"column":7}}},"5":{"name":"(anonymous_7)","decl":{"start":{"line":77,"column":2},"end":{"line":77,"column":18}},"loc":{"start":{"line":77,"column":30},"end":{"line":89,"column":3}}},"6":{"name":"(anonymous_8)","decl":{"start":{"line":92,"column":10},"end":{"line":92,"column":20}},"loc":{"start":{"line":92,"column":52},"end":{"line":103,"column":3}}},"7":{"name":"(anonymous_9)","decl":{"start":{"line":95,"column":22},"end":{"line":95,"column":23}},"loc":{"start":{"line":95,"column":33},"end":{"line":101,"column":7}}},"8":{"name":"(anonymous_10)","decl":{"start":{"line":105,"column":2},"end":{"line":105,"column":19}},"loc":{"start":{"line":105,"column":52},"end":{"line":108,"column":3}}},"9":{"name":"(anonymous_11)","decl":{"start":{"line":110,"column":2},"end":{"line":110,"column":19}},"loc":{"start":{"line":110,"column":52},"end":{"line":113,"column":3}}},"10":{"name":"(anonymous_12)","decl":{"start":{"line":115,"column":2},"end":{"line":115,"column":16}},"loc":{"start":{"line":115,"column":33},"end":{"line":123,"column":3}}},"11":{"name":"(anonymous_13)","decl":{"start":{"line":125,"column":2},"end":{"line":125,"column":18}},"loc":{"start":{"line":125,"column":52},"end":{"line":128,"column":3}}}},"branchMap":{"0":{"loc":{"start":{"line":34,"column":6},"end":{"line":38,"column":7}},"type":"if","locations":[{"start":{"line":34,"column":6},"end":{"line":38,"column":7}},{"start":{},"end":{}}]},"1":{"loc":{"start":{"line":35,"column":35},"end":{"line":35,"column":57}},"type":"binary-expr","locations":[{"start":{"line":35,"column":35},"end":{"line":35,"column":44}},{"start":{"line":35,"column":48},"end":{"line":35,"column":57}}]},"2":{"loc":{"start":{"line":46,"column":6},"end":{"line":48,"column":7}},"type":"if","locations":[{"start":{"line":46,"column":6},"end":{"line":48,"column":7}},{"start":{},"end":{}}]},"3":{"loc":{"start":{"line":56,"column":10},"end":{"line":58,"column":11}},"type":"if","locations":[{"start":{"line":56,"column":10},"end":{"line":58,"column":11}},{"start":{},"end":{}}]},"4":{"loc":{"start":{"line":79,"column":4},"end":{"line":88,"column":5}},"type":"if","locations":[{"start":{"line":79,"column":4},"end":{"line":88,"column":5}},{"start":{},"end":{}}]},"5":{"loc":{"start":{"line":81,"column":6},"end":{"line":86,"column":7}},"type":"if","locations":[{"start":{"line":81,"column":6},"end":{"line":86,"column":7}},{"start":{},"end":{}}]},"6":{"loc":{"start":{"line":83,"column":8},"end":{"line":85,"column":9}},"type":"if","locations":[{"start":{"line":83,"column":8},"end":{"line":85,"column":9}},{"start":{},"end":{}}]},"7":{"loc":{"start":{"line":94,"column":4},"end":{"line":102,"column":5}},"type":"if","locations":[{"start":{"line":94,"column":4},"end":{"line":102,"column":5}},{"start":{},"end":{}}]},"8":{"loc":{"start":{"line":117,"column":4},"end":{"line":119,"column":5}},"type":"if","locations":[{"start":{"line":117,"column":4},"end":{"line":119,"column":5}},{"start":{},"end":{}}]},"9":{"loc":{"start":{"line":120,"column":4},"end":{"line":122,"column":5}},"type":"if","locations":[{"start":{"line":120,"column":4},"end":{"line":122,"column":5}},{"start":{},"end":{}}]},"10":{"loc":{"start":{"line":22,"column":10},"end":{"line":22,"column":17}},"type":"cond-expr","locations":[{"start":{"line":22,"column":16},"end":{"line":22,"column":17}},{"start":{"line":22,"column":16},"end":{"line":22,"column":17}}]},"11":{"loc":{"start":{"line":22,"column":10},"end":{"line":22,"column":16}},"type":"binary-expr","locations":[{"start":{"line":22,"column":10},"end":{"line":22,"column":17}},{"start":{"line":22,"column":10},"end":{"line":22,"column":16}}]},"12":{"loc":{"start":{"line":26,"column":34},"end":{"line":26,"column":47}},"type":"cond-expr","locations":[{"start":{"line":26,"column":44},"end":{"line":26,"column":47}},{"start":{"line":26,"column":44},"end":{"line":26,"column":47}}]},"13":{"loc":{"start":{"line":26,"column":34},"end":{"line":26,"column":44}},"type":"binary-expr","locations":[{"start":{"line":26,"column":34},"end":{"line":26,"column":47}},{"start":{"line":26,"column":34},"end":{"line":26,"column":44}}]}},"s":{"0":1,"1":1,"2":1,"3":1,"4":1,"5":0,"6":0,"7":0,"8":0,"9":0,"10":0,"11":0,"12":0,"13":0,"14":0,"15":0,"16":0,"17":0,"18":0,"19":0,"20":0,"21":0,"22":0,"23":0,"24":0,"25":0,"26":0,"27":0,"28":0,"29":0,"30":0,"31":0,"32":0,"33":0,"34":0,"35":0,"36":0,"37":0,"38":0,"39":0,"40":0,"41":0,"42":0,"43":0,"44":0,"45":0,"46":0,"47":0,"48":0,"49":0,"50":0,"51":0,"52":0,"53":0,"54":0,"55":0,"56":0,"57":1,"58":1,"59":1},"f":{"0":0,"1":0,"2":0,"3":0,"4":0,"5":0,"6":0,"7":0,"8":0,"9":0,"10":0,"11":0},"b":{"0":[0,0],"1":[0,0],"2":[0,0],"3":[0,0],"4":[0,0],"5":[0,0],"6":[0,0],"7":[0,0],"8":[0,0],"9":[0,0],"10":[1,0],"11":[1,1],"12":[1,0],"13":[1,1]}}
,"/home/ubuntu/roomflow/backend/src/websocket/websocket.module.ts": {"path":"/home/ubuntu/roomflow/backend/src/websocket/websocket.module.ts","statementMap":{"0":{"start":{"line":1,"column":0},"end":{"line":1,"column":40}},"1":{"start":{"line":2,"column":0},"end":{"line":2,"column":63}},"2":{"start":{"line":3,"column":0},"end":{"line":3,"column":55}},"3":{"start":{"line":4,"column":0},"end":{"line":4,"column":40}},"4":{"start":{"line":5,"column":0},"end":{"line":5,"column":61}},"5":{"start":{"line":21,"column":7},"end":{"line":21,"column":null}},"6":{"start":{"line":21,"column":13},"end":{"line":21,"column":28}},"7":{"start":{"line":21,"column":13},"end":{"line":21,"column":null}},"8":{"start":{"line":12,"column":59},"end":{"line":15,"column":8}}},"fnMap":{"0":{"name":"(anonymous_1)","decl":{"start":{"line":12,"column":18},"end":{"line":12,"column":23}},"loc":{"start":{"line":12,"column":59},"end":{"line":15,"column":8}}}},"branchMap":{},"s":{"0":0,"1":0,"2":0,"3":0,"4":0,"5":0,"6":0,"7":0,"8":0},"f":{"0":0},"b":{}}
,"/home/ubuntu/roomflow/backend/src/websocket/websocket.service.ts": {"path":"/home/ubuntu/roomflow/backend/src/websocket/websocket.service.ts","statementMap":{"0":{"start":{"line":1,"column":0},"end":{"line":1,"column":44}},"1":{"start":{"line":2,"column":0},"end":{"line":2,"column":63}},"2":{"start":{"line":5,"column":7},"end":{"line":23,"column":null}},"3":{"start":{"line":6,"column":31},"end":{"line":6,"column":40}},"4":{"start":{"line":9,"column":4},"end":{"line":9,"column":62}},"5":{"start":{"line":13,"column":4},"end":{"line":13,"column":62}},"6":{"start":{"line":17,"column":4},"end":{"line":17,"column":51}},"7":{"start":{"line":21,"column":4},"end":{"line":21,"column":62}},"8":{"start":{"line":5,"column":13},"end":{"line":5,"column":29}},"9":{"start":{"line":5,"column":13},"end":{"line":23,"column":null}}},"fnMap":{"0":{"name":"(anonymous_2)","decl":{"start":{"line":6,"column":2},"end":{"line":6,"column":31}},"loc":{"start":{"line":6,"column":64},"end":{"line":6,"column":68}}},"1":{"name":"(anonymous_3)","decl":{"start":{"line":8,"column":2},"end":{"line":8,"column":7}},"loc":{"start":{"line":8,"column":58},"end":{"line":10,"column":3}}},"2":{"name":"(anonymous_4)","decl":{"start":{"line":12,"column":2},"end":{"line":12,"column":7}},"loc":{"start":{"line":12,"column":58},"end":{"line":14,"column":3}}},"3":{"name":"(anonymous_5)","decl":{"start":{"line":16,"column":2},"end":{"line":16,"column":7}},"loc":{"start":{"line":16,"column":39},"end":{"line":18,"column":3}}},"4":{"name":"(anonymous_6)","decl":{"start":{"line":20,"column":2},"end":{"line":20,"column":7}},"loc":{"start":{"line":20,"column":58},"end":{"line":22,"column":3}}}},"branchMap":{"0":{"loc":{"start":{"line":6,"column":40},"end":{"line":6,"column":67}},"type":"cond-expr","locations":[{"start":{"line":6,"column":64},"end":{"line":6,"column":67}},{"start":{"line":6,"column":64},"end":{"line":6,"column":67}}]},"1":{"loc":{"start":{"line":6,"column":40},"end":{"line":6,"column":64}},"type":"binary-expr","locations":[{"start":{"line":6,"column":40},"end":{"line":6,"column":67}},{"start":{"line":6,"column":40},"end":{"line":6,"column":64}}]}},"s":{"0":1,"1":1,"2":1,"3":0,"4":0,"5":0,"6":0,"7":0,"8":1,"9":1},"f":{"0":0,"1":0,"2":0,"3":0,"4":0},"b":{"0":[1,0],"1":[1,1]}}
}
